# Logfile created on 2014-01-17 20:58:14 +0100 by logger.rb/41954
I, [2014-01-17T20:58:14.636933 #13518]  INFO -- : 0:  rake (10.1.1) from /home/rogier/.rvm/gems/ruby-2.1.0/specifications/rake-10.1.1.gemspec
I, [2014-01-17T20:58:14.637461 #13518]  INFO -- : 0:  i18n (0.6.9) from /home/rogier/.rvm/gems/ruby-2.1.0/specifications/i18n-0.6.9.gemspec
I, [2014-01-17T20:58:16.289986 #13518]  INFO -- : 0:  minitest (4.7.5) from /home/rogier/.rvm/gems/ruby-2.1.0/specifications/minitest-4.7.5.gemspec
I, [2014-01-17T20:58:17.837031 #13518]  INFO -- : 0:  multi_json (1.8.4) from /home/rogier/.rvm/gems/ruby-2.1.0/specifications/multi_json-1.8.4.gemspec
I, [2014-01-17T20:58:17.837532 #13518]  INFO -- : 0:  atomic (1.1.14) from /home/rogier/.rvm/gems/ruby-2.1.0/specifications/atomic-1.1.14.gemspec
I, [2014-01-17T20:58:17.837877 #13518]  INFO -- : 0:  thread_safe (0.1.3) from /home/rogier/.rvm/gems/ruby-2.1.0/specifications/thread_safe-0.1.3.gemspec
I, [2014-01-17T20:58:17.838216 #13518]  INFO -- : 0:  tzinfo (0.3.38) from /home/rogier/.rvm/gems/ruby-2.1.0/specifications/tzinfo-0.3.38.gemspec
I, [2014-01-17T20:58:17.838562 #13518]  INFO -- : 0:  activesupport (4.0.2) from /home/rogier/.rvm/gems/ruby-2.1.0/specifications/activesupport-4.0.2.gemspec
I, [2014-01-17T20:58:17.838908 #13518]  INFO -- : 0:  builder (3.1.4) from /home/rogier/.rvm/gems/ruby-2.1.0/specifications/builder-3.1.4.gemspec
I, [2014-01-17T20:58:17.839249 #13518]  INFO -- : 0:  erubis (2.7.0) from /home/rogier/.rvm/gems/ruby-2.1.0/specifications/erubis-2.7.0.gemspec
I, [2014-01-17T20:58:17.839595 #13518]  INFO -- : 0:  rack (1.5.2) from /home/rogier/.rvm/gems/ruby-2.1.0/specifications/rack-1.5.2.gemspec
I, [2014-01-17T20:58:17.839930 #13518]  INFO -- : 0:  rack-test (0.6.2) from /home/rogier/.rvm/gems/ruby-2.1.0/specifications/rack-test-0.6.2.gemspec
I, [2014-01-17T20:58:17.840269 #13518]  INFO -- : 0:  actionpack (4.0.2) from /home/rogier/.rvm/gems/ruby-2.1.0/specifications/actionpack-4.0.2.gemspec
I, [2014-01-17T20:58:17.840638 #13518]  INFO -- : 0:  mime-types (1.25.1) from /home/rogier/.rvm/gems/ruby-2.1.0/specifications/mime-types-1.25.1.gemspec
I, [2014-01-17T20:58:17.841013 #13518]  INFO -- : 0:  polyglot (0.3.3) from /home/rogier/.rvm/gems/ruby-2.1.0/specifications/polyglot-0.3.3.gemspec
I, [2014-01-17T20:58:17.841349 #13518]  INFO -- : 0:  treetop (1.4.15) from /home/rogier/.rvm/gems/ruby-2.1.0/specifications/treetop-1.4.15.gemspec
I, [2014-01-17T20:58:17.841684 #13518]  INFO -- : 0:  mail (2.5.4) from /home/rogier/.rvm/gems/ruby-2.1.0/specifications/mail-2.5.4.gemspec
I, [2014-01-17T20:58:17.842025 #13518]  INFO -- : 0:  actionmailer (4.0.2) from /home/rogier/.rvm/gems/ruby-2.1.0/specifications/actionmailer-4.0.2.gemspec
I, [2014-01-17T20:58:17.842364 #13518]  INFO -- : 0:  activemodel (4.0.2) from /home/rogier/.rvm/gems/ruby-2.1.0/specifications/activemodel-4.0.2.gemspec
I, [2014-01-17T20:58:17.842696 #13518]  INFO -- : 0:  activerecord-deprecated_finders (1.0.3) from /home/rogier/.rvm/gems/ruby-2.1.0/specifications/activerecord-deprecated_finders-1.0.3.gemspec
I, [2014-01-17T20:58:17.843037 #13518]  INFO -- : 0:  arel (4.0.1) from /home/rogier/.rvm/gems/ruby-2.1.0/specifications/arel-4.0.1.gemspec
I, [2014-01-17T20:58:17.843382 #13518]  INFO -- : 0:  activerecord (4.0.2) from /home/rogier/.rvm/gems/ruby-2.1.0/specifications/activerecord-4.0.2.gemspec
I, [2014-01-17T20:58:17.843709 #13518]  INFO -- : 0:  bundler (1.5.1) from /home/rogier/.rvm/gems/ruby-2.1.0@global/specifications/bundler-1.5.1.gemspec
I, [2014-01-17T20:58:17.844050 #13518]  INFO -- : 0:  coffee-script-source (1.6.3) from /home/rogier/.rvm/gems/ruby-2.1.0/specifications/coffee-script-source-1.6.3.gemspec
I, [2014-01-17T20:58:17.844401 #13518]  INFO -- : 0:  execjs (2.0.2) from /home/rogier/.rvm/gems/ruby-2.1.0/specifications/execjs-2.0.2.gemspec
I, [2014-01-17T20:58:17.844741 #13518]  INFO -- : 0:  coffee-script (2.2.0) from /home/rogier/.rvm/gems/ruby-2.1.0/specifications/coffee-script-2.2.0.gemspec
I, [2014-01-17T20:58:17.845079 #13518]  INFO -- : 0:  thor (0.18.1) from /home/rogier/.rvm/gems/ruby-2.1.0/specifications/thor-0.18.1.gemspec
I, [2014-01-17T20:58:17.845465 #13518]  INFO -- : 0:  railties (4.0.2) from /home/rogier/.rvm/gems/ruby-2.1.0/specifications/railties-4.0.2.gemspec
I, [2014-01-17T20:58:19.328339 #13518]  INFO -- : 0:  coffee-rails (4.0.1) from /home/rogier/.rvm/gems/ruby-2.1.0/specifications/coffee-rails-4.0.1.gemspec
I, [2014-01-17T20:58:19.328896 #13518]  INFO -- : 0:  hike (1.2.3) from /home/rogier/.rvm/gems/ruby-2.1.0/specifications/hike-1.2.3.gemspec
I, [2014-01-17T20:58:20.844175 #13518]  INFO -- : 0:  jbuilder (1.5.3) from /home/rogier/.rvm/gems/ruby-2.1.0/specifications/jbuilder-1.5.3.gemspec
I, [2014-01-17T20:58:20.844671 #13518]  INFO -- : 0:  jquery-rails (3.0.4) from /home/rogier/.rvm/gems/ruby-2.1.0/specifications/jquery-rails-3.0.4.gemspec
I, [2014-01-17T20:58:20.845036 #13518]  INFO -- : 0:  json (1.8.1) from /home/rogier/.rvm/gems/ruby-2.1.0/specifications/json-1.8.1.gemspec
I, [2014-01-17T20:58:20.845378 #13518]  INFO -- : 0:  pg (0.17.1) from /home/rogier/.rvm/gems/ruby-2.1.0/specifications/pg-0.17.1.gemspec
I, [2014-01-17T20:58:20.845717 #13518]  INFO -- : 0:  tilt (1.4.1) from /home/rogier/.rvm/gems/ruby-2.1.0/specifications/tilt-1.4.1.gemspec
I, [2014-01-17T20:58:20.846072 #13518]  INFO -- : 0:  sprockets (2.10.1) from /home/rogier/.rvm/gems/ruby-2.1.0/specifications/sprockets-2.10.1.gemspec
I, [2014-01-17T20:58:20.846427 #13518]  INFO -- : 0:  sprockets-rails (2.0.1) from /home/rogier/.rvm/gems/ruby-2.1.0/specifications/sprockets-rails-2.0.1.gemspec
I, [2014-01-17T20:58:20.846772 #13518]  INFO -- : 0:  rails (4.0.2) from /home/rogier/.rvm/gems/ruby-2.1.0/specifications/rails-4.0.2.gemspec
I, [2014-01-17T20:58:23.707366 #13518]  INFO -- : 0:  rdoc (4.1.1) from /home/rogier/.rvm/gems/ruby-2.1.0/specifications/rdoc-4.1.1.gemspec
I, [2014-01-17T20:58:23.707907 #13518]  INFO -- : 0:  sass (3.2.13) from /home/rogier/.rvm/gems/ruby-2.1.0/specifications/sass-3.2.13.gemspec
I, [2014-01-17T20:58:25.570570 #13518]  INFO -- : 0:  sass-rails (4.0.1) from /home/rogier/.rvm/gems/ruby-2.1.0/specifications/sass-rails-4.0.1.gemspec
I, [2014-01-17T20:58:27.640331 #13518]  INFO -- : 0:  sdoc (0.4.0) from /home/rogier/.rvm/gems/ruby-2.1.0/specifications/sdoc-0.4.0.gemspec
I, [2014-01-17T20:58:29.143127 #13518]  INFO -- : 0:  turbolinks (2.2.0) from /home/rogier/.rvm/gems/ruby-2.1.0/specifications/turbolinks-2.2.0.gemspec
I, [2014-01-17T20:58:29.143630 #13518]  INFO -- : 0:  uglifier (2.4.0) from /home/rogier/.rvm/gems/ruby-2.1.0/specifications/uglifier-2.4.0.gemspec
I, [2014-01-17T21:14:26.810279 #14546]  INFO -- : 0:  rake (10.1.1) from /home/rogier/.rvm/gems/ruby-2.1.0/specifications/rake-10.1.1.gemspec
I, [2014-01-17T21:14:26.810875 #14546]  INFO -- : 0:  i18n (0.6.9) from /home/rogier/.rvm/gems/ruby-2.1.0/specifications/i18n-0.6.9.gemspec
I, [2014-01-17T21:14:26.811258 #14546]  INFO -- : 0:  minitest (4.7.5) from /home/rogier/.rvm/gems/ruby-2.1.0/specifications/minitest-4.7.5.gemspec
I, [2014-01-17T21:14:26.811615 #14546]  INFO -- : 0:  multi_json (1.8.4) from /home/rogier/.rvm/gems/ruby-2.1.0/specifications/multi_json-1.8.4.gemspec
I, [2014-01-17T21:14:26.811956 #14546]  INFO -- : 0:  atomic (1.1.14) from /home/rogier/.rvm/gems/ruby-2.1.0/specifications/atomic-1.1.14.gemspec
I, [2014-01-17T21:14:26.812294 #14546]  INFO -- : 0:  thread_safe (0.1.3) from /home/rogier/.rvm/gems/ruby-2.1.0/specifications/thread_safe-0.1.3.gemspec
I, [2014-01-17T21:14:26.812633 #14546]  INFO -- : 0:  tzinfo (0.3.38) from /home/rogier/.rvm/gems/ruby-2.1.0/specifications/tzinfo-0.3.38.gemspec
I, [2014-01-17T21:14:26.812976 #14546]  INFO -- : 0:  activesupport (4.0.2) from /home/rogier/.rvm/gems/ruby-2.1.0/specifications/activesupport-4.0.2.gemspec
I, [2014-01-17T21:14:26.813322 #14546]  INFO -- : 0:  builder (3.1.4) from /home/rogier/.rvm/gems/ruby-2.1.0/specifications/builder-3.1.4.gemspec
I, [2014-01-17T21:14:26.813660 #14546]  INFO -- : 0:  erubis (2.7.0) from /home/rogier/.rvm/gems/ruby-2.1.0/specifications/erubis-2.7.0.gemspec
I, [2014-01-17T21:14:26.814006 #14546]  INFO -- : 0:  rack (1.5.2) from /home/rogier/.rvm/gems/ruby-2.1.0/specifications/rack-1.5.2.gemspec
I, [2014-01-17T21:14:26.814401 #14546]  INFO -- : 0:  rack-test (0.6.2) from /home/rogier/.rvm/gems/ruby-2.1.0/specifications/rack-test-0.6.2.gemspec
I, [2014-01-17T21:14:26.814746 #14546]  INFO -- : 0:  actionpack (4.0.2) from /home/rogier/.rvm/gems/ruby-2.1.0/specifications/actionpack-4.0.2.gemspec
I, [2014-01-17T21:14:26.815090 #14546]  INFO -- : 0:  mime-types (1.25.1) from /home/rogier/.rvm/gems/ruby-2.1.0/specifications/mime-types-1.25.1.gemspec
I, [2014-01-17T21:14:26.815444 #14546]  INFO -- : 0:  polyglot (0.3.3) from /home/rogier/.rvm/gems/ruby-2.1.0/specifications/polyglot-0.3.3.gemspec
I, [2014-01-17T21:14:26.815797 #14546]  INFO -- : 0:  treetop (1.4.15) from /home/rogier/.rvm/gems/ruby-2.1.0/specifications/treetop-1.4.15.gemspec
I, [2014-01-17T21:14:26.816145 #14546]  INFO -- : 0:  mail (2.5.4) from /home/rogier/.rvm/gems/ruby-2.1.0/specifications/mail-2.5.4.gemspec
I, [2014-01-17T21:14:26.816506 #14546]  INFO -- : 0:  actionmailer (4.0.2) from /home/rogier/.rvm/gems/ruby-2.1.0/specifications/actionmailer-4.0.2.gemspec
I, [2014-01-17T21:14:26.816863 #14546]  INFO -- : 0:  activemodel (4.0.2) from /home/rogier/.rvm/gems/ruby-2.1.0/specifications/activemodel-4.0.2.gemspec
I, [2014-01-17T21:14:26.817210 #14546]  INFO -- : 0:  activerecord-deprecated_finders (1.0.3) from /home/rogier/.rvm/gems/ruby-2.1.0/specifications/activerecord-deprecated_finders-1.0.3.gemspec
I, [2014-01-17T21:14:26.817560 #14546]  INFO -- : 0:  arel (4.0.1) from /home/rogier/.rvm/gems/ruby-2.1.0/specifications/arel-4.0.1.gemspec
I, [2014-01-17T21:14:26.817902 #14546]  INFO -- : 0:  activerecord (4.0.2) from /home/rogier/.rvm/gems/ruby-2.1.0/specifications/activerecord-4.0.2.gemspec
I, [2014-01-17T21:14:26.818245 #14546]  INFO -- : 0:  json (1.8.1) from /home/rogier/.rvm/gems/ruby-2.1.0/specifications/json-1.8.1.gemspec
I, [2014-01-17T21:14:26.818583 #14546]  INFO -- : 0:  carrierwave (0.9.0) from /home/rogier/.rvm/gems/ruby-2.1.0/specifications/carrierwave-0.9.0.gemspec
I, [2014-01-17T21:14:26.818925 #14546]  INFO -- : 0:  coffee-script-source (1.6.3) from /home/rogier/.rvm/gems/ruby-2.1.0/specifications/coffee-script-source-1.6.3.gemspec
I, [2014-01-17T21:14:26.819264 #14546]  INFO -- : 0:  execjs (2.0.2) from /home/rogier/.rvm/gems/ruby-2.1.0/specifications/execjs-2.0.2.gemspec
I, [2014-01-17T21:14:26.819601 #14546]  INFO -- : 0:  coffee-script (2.2.0) from /home/rogier/.rvm/gems/ruby-2.1.0/specifications/coffee-script-2.2.0.gemspec
I, [2014-01-17T21:14:26.819949 #14546]  INFO -- : 0:  thor (0.18.1) from /home/rogier/.rvm/gems/ruby-2.1.0/specifications/thor-0.18.1.gemspec
I, [2014-01-17T21:14:26.820299 #14546]  INFO -- : 0:  railties (4.0.2) from /home/rogier/.rvm/gems/ruby-2.1.0/specifications/railties-4.0.2.gemspec
I, [2014-01-17T21:14:26.820659 #14546]  INFO -- : 0:  coffee-rails (4.0.1) from /home/rogier/.rvm/gems/ruby-2.1.0/specifications/coffee-rails-4.0.1.gemspec
I, [2014-01-17T21:14:26.821040 #14546]  INFO -- : 0:  tilt (1.4.1) from /home/rogier/.rvm/gems/ruby-2.1.0/specifications/tilt-1.4.1.gemspec
I, [2014-01-17T21:14:26.821384 #14546]  INFO -- : 0:  haml (4.0.4) from /home/rogier/.rvm/gems/ruby-2.1.0/specifications/haml-4.0.4.gemspec
I, [2014-01-17T21:14:26.821727 #14546]  INFO -- : 0:  haml-rails (0.4) from /home/rogier/.rvm/gems/ruby-2.1.0/specifications/haml-rails-0.4.gemspec
I, [2014-01-17T21:14:26.822070 #14546]  INFO -- : 0:  hike (1.2.3) from /home/rogier/.rvm/gems/ruby-2.1.0/specifications/hike-1.2.3.gemspec
I, [2014-01-17T21:14:26.822418 #14546]  INFO -- : 0:  jbuilder (1.5.3) from /home/rogier/.rvm/gems/ruby-2.1.0/specifications/jbuilder-1.5.3.gemspec
I, [2014-01-17T21:14:26.822760 #14546]  INFO -- : 0:  jquery-rails (3.0.4) from /home/rogier/.rvm/gems/ruby-2.1.0/specifications/jquery-rails-3.0.4.gemspec
I, [2014-01-17T21:14:26.823103 #14546]  INFO -- : 0:  mini_portile (0.5.2) from /home/rogier/.rvm/gems/ruby-2.1.0/specifications/mini_portile-0.5.2.gemspec
I, [2014-01-17T21:14:26.823460 #14546]  INFO -- : 0:  nokogiri (1.6.1) from /home/rogier/.rvm/gems/ruby-2.1.0/specifications/nokogiri-1.6.1.gemspec
I, [2014-01-17T21:14:26.823862 #14546]  INFO -- : 0:  pg (0.17.1) from /home/rogier/.rvm/gems/ruby-2.1.0/specifications/pg-0.17.1.gemspec
I, [2014-01-17T21:14:26.824229 #14546]  INFO -- : 0:  rack-pjax (0.7.0) from /home/rogier/.rvm/gems/ruby-2.1.0/specifications/rack-pjax-0.7.0.gemspec
I, [2014-01-17T21:14:26.824573 #14546]  INFO -- : 0:  bundler (1.5.1) from /home/rogier/.rvm/gems/ruby-2.1.0@global/specifications/bundler-1.5.1.gemspec
I, [2014-01-17T21:14:26.824954 #14546]  INFO -- : 0:  sprockets (2.10.1) from /home/rogier/.rvm/gems/ruby-2.1.0/specifications/sprockets-2.10.1.gemspec
I, [2014-01-17T21:14:26.825322 #14546]  INFO -- : 0:  sprockets-rails (2.0.1) from /home/rogier/.rvm/gems/ruby-2.1.0/specifications/sprockets-rails-2.0.1.gemspec
I, [2014-01-17T21:14:26.825694 #14546]  INFO -- : 0:  rails (4.0.2) from /home/rogier/.rvm/gems/ruby-2.1.0/specifications/rails-4.0.2.gemspec
I, [2014-01-17T21:14:26.826077 #14546]  INFO -- : 0:  rdoc (4.1.1) from /home/rogier/.rvm/gems/ruby-2.1.0/specifications/rdoc-4.1.1.gemspec
I, [2014-01-17T21:14:26.826674 #14546]  INFO -- : 0:  sass (3.2.13) from /home/rogier/.rvm/gems/ruby-2.1.0/specifications/sass-3.2.13.gemspec
I, [2014-01-17T21:14:26.827397 #14546]  INFO -- : 0:  sass-rails (4.0.1) from /home/rogier/.rvm/gems/ruby-2.1.0/specifications/sass-rails-4.0.1.gemspec
I, [2014-01-17T21:14:26.828030 #14546]  INFO -- : 0:  sdoc (0.4.0) from /home/rogier/.rvm/gems/ruby-2.1.0/specifications/sdoc-0.4.0.gemspec
I, [2014-01-17T21:14:26.828701 #14546]  INFO -- : 0:  uglifier (2.4.0) from /home/rogier/.rvm/gems/ruby-2.1.0/specifications/uglifier-2.4.0.gemspec
I, [2014-01-17T21:21:07.056371 #15254]  INFO -- : 0:  rake (10.1.1) from /home/rogier/.rvm/gems/ruby-2.1.0/specifications/rake-10.1.1.gemspec
I, [2014-01-17T21:21:07.056963 #15254]  INFO -- : 0:  i18n (0.6.9) from /home/rogier/.rvm/gems/ruby-2.1.0/specifications/i18n-0.6.9.gemspec
I, [2014-01-17T21:21:07.057325 #15254]  INFO -- : 0:  minitest (4.7.5) from /home/rogier/.rvm/gems/ruby-2.1.0/specifications/minitest-4.7.5.gemspec
I, [2014-01-17T21:21:07.057712 #15254]  INFO -- : 0:  multi_json (1.8.4) from /home/rogier/.rvm/gems/ruby-2.1.0/specifications/multi_json-1.8.4.gemspec
I, [2014-01-17T21:21:07.058087 #15254]  INFO -- : 0:  atomic (1.1.14) from /home/rogier/.rvm/gems/ruby-2.1.0/specifications/atomic-1.1.14.gemspec
I, [2014-01-17T21:21:07.058446 #15254]  INFO -- : 0:  thread_safe (0.1.3) from /home/rogier/.rvm/gems/ruby-2.1.0/specifications/thread_safe-0.1.3.gemspec
I, [2014-01-17T21:21:07.058809 #15254]  INFO -- : 0:  tzinfo (0.3.38) from /home/rogier/.rvm/gems/ruby-2.1.0/specifications/tzinfo-0.3.38.gemspec
I, [2014-01-17T21:21:07.059206 #15254]  INFO -- : 0:  activesupport (4.0.2) from /home/rogier/.rvm/gems/ruby-2.1.0/specifications/activesupport-4.0.2.gemspec
I, [2014-01-17T21:21:07.059593 #15254]  INFO -- : 0:  builder (3.1.4) from /home/rogier/.rvm/gems/ruby-2.1.0/specifications/builder-3.1.4.gemspec
I, [2014-01-17T21:21:07.059967 #15254]  INFO -- : 0:  erubis (2.7.0) from /home/rogier/.rvm/gems/ruby-2.1.0/specifications/erubis-2.7.0.gemspec
I, [2014-01-17T21:21:07.060351 #15254]  INFO -- : 0:  rack (1.5.2) from /home/rogier/.rvm/gems/ruby-2.1.0/specifications/rack-1.5.2.gemspec
I, [2014-01-17T21:21:07.060719 #15254]  INFO -- : 0:  rack-test (0.6.2) from /home/rogier/.rvm/gems/ruby-2.1.0/specifications/rack-test-0.6.2.gemspec
I, [2014-01-17T21:21:07.061165 #15254]  INFO -- : 0:  actionpack (4.0.2) from /home/rogier/.rvm/gems/ruby-2.1.0/specifications/actionpack-4.0.2.gemspec
I, [2014-01-17T21:21:07.061540 #15254]  INFO -- : 0:  mime-types (1.25.1) from /home/rogier/.rvm/gems/ruby-2.1.0/specifications/mime-types-1.25.1.gemspec
I, [2014-01-17T21:21:07.061903 #15254]  INFO -- : 0:  polyglot (0.3.3) from /home/rogier/.rvm/gems/ruby-2.1.0/specifications/polyglot-0.3.3.gemspec
I, [2014-01-17T21:21:07.062270 #15254]  INFO -- : 0:  treetop (1.4.15) from /home/rogier/.rvm/gems/ruby-2.1.0/specifications/treetop-1.4.15.gemspec
I, [2014-01-17T21:21:07.062642 #15254]  INFO -- : 0:  mail (2.5.4) from /home/rogier/.rvm/gems/ruby-2.1.0/specifications/mail-2.5.4.gemspec
I, [2014-01-17T21:21:07.063076 #15254]  INFO -- : 0:  actionmailer (4.0.2) from /home/rogier/.rvm/gems/ruby-2.1.0/specifications/actionmailer-4.0.2.gemspec
I, [2014-01-17T21:21:07.063451 #15254]  INFO -- : 0:  activemodel (4.0.2) from /home/rogier/.rvm/gems/ruby-2.1.0/specifications/activemodel-4.0.2.gemspec
I, [2014-01-17T21:21:07.063819 #15254]  INFO -- : 0:  activerecord-deprecated_finders (1.0.3) from /home/rogier/.rvm/gems/ruby-2.1.0/specifications/activerecord-deprecated_finders-1.0.3.gemspec
I, [2014-01-17T21:21:07.064192 #15254]  INFO -- : 0:  arel (4.0.1) from /home/rogier/.rvm/gems/ruby-2.1.0/specifications/arel-4.0.1.gemspec
I, [2014-01-17T21:21:07.064573 #15254]  INFO -- : 0:  activerecord (4.0.2) from /home/rogier/.rvm/gems/ruby-2.1.0/specifications/activerecord-4.0.2.gemspec
I, [2014-01-17T21:21:07.064938 #15254]  INFO -- : 0:  bundler (1.5.1) from /home/rogier/.rvm/gems/ruby-2.1.0@global/specifications/bundler-1.5.1.gemspec
I, [2014-01-17T21:21:07.065325 #15254]  INFO -- : 0:  json (1.8.1) from /home/rogier/.rvm/gems/ruby-2.1.0/specifications/json-1.8.1.gemspec
I, [2014-01-17T21:21:07.065716 #15254]  INFO -- : 0:  carrierwave (0.9.0) from /home/rogier/.rvm/gems/ruby-2.1.0/specifications/carrierwave-0.9.0.gemspec
I, [2014-01-17T21:21:07.066087 #15254]  INFO -- : 0:  coffee-script-source (1.6.3) from /home/rogier/.rvm/gems/ruby-2.1.0/specifications/coffee-script-source-1.6.3.gemspec
I, [2014-01-17T21:21:07.066455 #15254]  INFO -- : 0:  execjs (2.0.2) from /home/rogier/.rvm/gems/ruby-2.1.0/specifications/execjs-2.0.2.gemspec
I, [2014-01-17T21:21:07.066829 #15254]  INFO -- : 0:  coffee-script (2.2.0) from /home/rogier/.rvm/gems/ruby-2.1.0/specifications/coffee-script-2.2.0.gemspec
I, [2014-01-17T21:21:07.067200 #15254]  INFO -- : 0:  thor (0.18.1) from /home/rogier/.rvm/gems/ruby-2.1.0/specifications/thor-0.18.1.gemspec
I, [2014-01-17T21:21:07.069931 #15254]  INFO -- : 0:  railties (4.0.2) from /home/rogier/.rvm/gems/ruby-2.1.0/specifications/railties-4.0.2.gemspec
I, [2014-01-17T21:21:07.070482 #15254]  INFO -- : 0:  coffee-rails (4.0.1) from /home/rogier/.rvm/gems/ruby-2.1.0/specifications/coffee-rails-4.0.1.gemspec
I, [2014-01-17T21:21:07.071712 #15254]  INFO -- : 0:  daemons (1.1.9) from /home/rogier/.rvm/gems/ruby-2.1.0/specifications/daemons-1.1.9.gemspec
I, [2014-01-17T21:21:22.067187 #15254]  INFO -- : 0:  eventmachine (1.0.3) from /home/rogier/.rvm/gems/ruby-2.1.0/specifications/eventmachine-1.0.3.gemspec
I, [2014-01-17T21:21:22.067886 #15254]  INFO -- : 0:  tilt (1.4.1) from /home/rogier/.rvm/gems/ruby-2.1.0/specifications/tilt-1.4.1.gemspec
I, [2014-01-17T21:21:22.068294 #15254]  INFO -- : 0:  haml (4.0.4) from /home/rogier/.rvm/gems/ruby-2.1.0/specifications/haml-4.0.4.gemspec
I, [2014-01-17T21:21:22.068702 #15254]  INFO -- : 0:  haml-rails (0.4) from /home/rogier/.rvm/gems/ruby-2.1.0/specifications/haml-rails-0.4.gemspec
I, [2014-01-17T21:21:22.069107 #15254]  INFO -- : 0:  hike (1.2.3) from /home/rogier/.rvm/gems/ruby-2.1.0/specifications/hike-1.2.3.gemspec
I, [2014-01-17T21:21:22.069510 #15254]  INFO -- : 0:  jbuilder (1.5.3) from /home/rogier/.rvm/gems/ruby-2.1.0/specifications/jbuilder-1.5.3.gemspec
I, [2014-01-17T21:21:22.069904 #15254]  INFO -- : 0:  jquery-rails (3.0.4) from /home/rogier/.rvm/gems/ruby-2.1.0/specifications/jquery-rails-3.0.4.gemspec
I, [2014-01-17T21:21:22.070294 #15254]  INFO -- : 0:  mini_portile (0.5.2) from /home/rogier/.rvm/gems/ruby-2.1.0/specifications/mini_portile-0.5.2.gemspec
I, [2014-01-17T21:21:22.070686 #15254]  INFO -- : 0:  nokogiri (1.6.1) from /home/rogier/.rvm/gems/ruby-2.1.0/specifications/nokogiri-1.6.1.gemspec
I, [2014-01-17T21:21:22.071110 #15254]  INFO -- : 0:  pg (0.17.1) from /home/rogier/.rvm/gems/ruby-2.1.0/specifications/pg-0.17.1.gemspec
I, [2014-01-17T21:21:22.071490 #15254]  INFO -- : 0:  rack-pjax (0.7.0) from /home/rogier/.rvm/gems/ruby-2.1.0/specifications/rack-pjax-0.7.0.gemspec
I, [2014-01-17T21:21:22.071859 #15254]  INFO -- : 0:  sprockets (2.10.1) from /home/rogier/.rvm/gems/ruby-2.1.0/specifications/sprockets-2.10.1.gemspec
I, [2014-01-17T21:21:22.072301 #15254]  INFO -- : 0:  sprockets-rails (2.0.1) from /home/rogier/.rvm/gems/ruby-2.1.0/specifications/sprockets-rails-2.0.1.gemspec
I, [2014-01-17T21:21:22.072681 #15254]  INFO -- : 0:  rails (4.0.2) from /home/rogier/.rvm/gems/ruby-2.1.0/specifications/rails-4.0.2.gemspec
I, [2014-01-17T21:21:22.073078 #15254]  INFO -- : 0:  rdoc (4.1.1) from /home/rogier/.rvm/gems/ruby-2.1.0/specifications/rdoc-4.1.1.gemspec
I, [2014-01-17T21:21:22.073653 #15254]  INFO -- : 0:  sass (3.2.13) from /home/rogier/.rvm/gems/ruby-2.1.0/specifications/sass-3.2.13.gemspec
I, [2014-01-17T21:21:22.074082 #15254]  INFO -- : 0:  sass-rails (4.0.1) from /home/rogier/.rvm/gems/ruby-2.1.0/specifications/sass-rails-4.0.1.gemspec
I, [2014-01-17T21:21:22.074487 #15254]  INFO -- : 0:  sdoc (0.4.0) from /home/rogier/.rvm/gems/ruby-2.1.0/specifications/sdoc-0.4.0.gemspec
I, [2014-01-17T21:21:25.127509 #15254]  INFO -- : 0:  thin (1.6.1) from /home/rogier/.rvm/gems/ruby-2.1.0/specifications/thin-1.6.1.gemspec
I, [2014-01-17T21:21:25.128262 #15254]  INFO -- : 0:  uglifier (2.4.0) from /home/rogier/.rvm/gems/ruby-2.1.0/specifications/uglifier-2.4.0.gemspec
I, [2014-01-17T21:47:51.234721 #18749]  INFO -- : 0:  rake (10.1.1) from /home/rogier/.rvm/gems/ruby-2.1.0/specifications/rake-10.1.1.gemspec
I, [2014-01-17T21:47:51.235305 #18749]  INFO -- : 0:  i18n (0.6.9) from /home/rogier/.rvm/gems/ruby-2.1.0/specifications/i18n-0.6.9.gemspec
I, [2014-01-17T21:47:51.235683 #18749]  INFO -- : 0:  minitest (4.7.5) from /home/rogier/.rvm/gems/ruby-2.1.0/specifications/minitest-4.7.5.gemspec
I, [2014-01-17T21:47:51.236043 #18749]  INFO -- : 0:  multi_json (1.8.4) from /home/rogier/.rvm/gems/ruby-2.1.0/specifications/multi_json-1.8.4.gemspec
I, [2014-01-17T21:47:51.236392 #18749]  INFO -- : 0:  atomic (1.1.14) from /home/rogier/.rvm/gems/ruby-2.1.0/specifications/atomic-1.1.14.gemspec
I, [2014-01-17T21:47:51.236750 #18749]  INFO -- : 0:  thread_safe (0.1.3) from /home/rogier/.rvm/gems/ruby-2.1.0/specifications/thread_safe-0.1.3.gemspec
I, [2014-01-17T21:47:51.237101 #18749]  INFO -- : 0:  tzinfo (0.3.38) from /home/rogier/.rvm/gems/ruby-2.1.0/specifications/tzinfo-0.3.38.gemspec
I, [2014-01-17T21:47:51.237457 #18749]  INFO -- : 0:  activesupport (4.0.2) from /home/rogier/.rvm/gems/ruby-2.1.0/specifications/activesupport-4.0.2.gemspec
I, [2014-01-17T21:47:51.237815 #18749]  INFO -- : 0:  builder (3.1.4) from /home/rogier/.rvm/gems/ruby-2.1.0/specifications/builder-3.1.4.gemspec
I, [2014-01-17T21:47:51.238202 #18749]  INFO -- : 0:  erubis (2.7.0) from /home/rogier/.rvm/gems/ruby-2.1.0/specifications/erubis-2.7.0.gemspec
I, [2014-01-17T21:47:51.238577 #18749]  INFO -- : 0:  rack (1.5.2) from /home/rogier/.rvm/gems/ruby-2.1.0/specifications/rack-1.5.2.gemspec
I, [2014-01-17T21:47:51.238928 #18749]  INFO -- : 0:  rack-test (0.6.2) from /home/rogier/.rvm/gems/ruby-2.1.0/specifications/rack-test-0.6.2.gemspec
I, [2014-01-17T21:47:51.239280 #18749]  INFO -- : 0:  actionpack (4.0.2) from /home/rogier/.rvm/gems/ruby-2.1.0/specifications/actionpack-4.0.2.gemspec
I, [2014-01-17T21:47:51.239624 #18749]  INFO -- : 0:  mime-types (1.25.1) from /home/rogier/.rvm/gems/ruby-2.1.0/specifications/mime-types-1.25.1.gemspec
I, [2014-01-17T21:47:51.239966 #18749]  INFO -- : 0:  polyglot (0.3.3) from /home/rogier/.rvm/gems/ruby-2.1.0/specifications/polyglot-0.3.3.gemspec
I, [2014-01-17T21:47:51.240322 #18749]  INFO -- : 0:  treetop (1.4.15) from /home/rogier/.rvm/gems/ruby-2.1.0/specifications/treetop-1.4.15.gemspec
I, [2014-01-17T21:47:51.240671 #18749]  INFO -- : 0:  mail (2.5.4) from /home/rogier/.rvm/gems/ruby-2.1.0/specifications/mail-2.5.4.gemspec
I, [2014-01-17T21:47:51.241075 #18749]  INFO -- : 0:  actionmailer (4.0.2) from /home/rogier/.rvm/gems/ruby-2.1.0/specifications/actionmailer-4.0.2.gemspec
I, [2014-01-17T21:47:51.241432 #18749]  INFO -- : 0:  activemodel (4.0.2) from /home/rogier/.rvm/gems/ruby-2.1.0/specifications/activemodel-4.0.2.gemspec
I, [2014-01-17T21:47:51.241780 #18749]  INFO -- : 0:  activerecord-deprecated_finders (1.0.3) from /home/rogier/.rvm/gems/ruby-2.1.0/specifications/activerecord-deprecated_finders-1.0.3.gemspec
I, [2014-01-17T21:47:51.242183 #18749]  INFO -- : 0:  arel (4.0.1) from /home/rogier/.rvm/gems/ruby-2.1.0/specifications/arel-4.0.1.gemspec
I, [2014-01-17T21:47:51.242540 #18749]  INFO -- : 0:  activerecord (4.0.2) from /home/rogier/.rvm/gems/ruby-2.1.0/specifications/activerecord-4.0.2.gemspec
I, [2014-01-17T21:47:51.242895 #18749]  INFO -- : 0:  json (1.8.1) from /home/rogier/.rvm/gems/ruby-2.1.0/specifications/json-1.8.1.gemspec
I, [2014-01-17T21:47:51.243239 #18749]  INFO -- : 0:  carrierwave (0.9.0) from /home/rogier/.rvm/gems/ruby-2.1.0/specifications/carrierwave-0.9.0.gemspec
I, [2014-01-17T21:47:51.243584 #18749]  INFO -- : 0:  coffee-script-source (1.6.3) from /home/rogier/.rvm/gems/ruby-2.1.0/specifications/coffee-script-source-1.6.3.gemspec
I, [2014-01-17T21:47:51.243928 #18749]  INFO -- : 0:  execjs (2.0.2) from /home/rogier/.rvm/gems/ruby-2.1.0/specifications/execjs-2.0.2.gemspec
I, [2014-01-17T21:47:51.244271 #18749]  INFO -- : 0:  coffee-script (2.2.0) from /home/rogier/.rvm/gems/ruby-2.1.0/specifications/coffee-script-2.2.0.gemspec
I, [2014-01-17T21:47:51.244620 #18749]  INFO -- : 0:  thor (0.18.1) from /home/rogier/.rvm/gems/ruby-2.1.0/specifications/thor-0.18.1.gemspec
I, [2014-01-17T21:47:51.244974 #18749]  INFO -- : 0:  railties (4.0.2) from /home/rogier/.rvm/gems/ruby-2.1.0/specifications/railties-4.0.2.gemspec
I, [2014-01-17T21:47:51.245328 #18749]  INFO -- : 0:  coffee-rails (4.0.1) from /home/rogier/.rvm/gems/ruby-2.1.0/specifications/coffee-rails-4.0.1.gemspec
I, [2014-01-17T21:47:51.245670 #18749]  INFO -- : 0:  daemons (1.1.9) from /home/rogier/.rvm/gems/ruby-2.1.0/specifications/daemons-1.1.9.gemspec
I, [2014-01-17T21:47:51.246023 #18749]  INFO -- : 0:  eventmachine (1.0.3) from /home/rogier/.rvm/gems/ruby-2.1.0/specifications/eventmachine-1.0.3.gemspec
I, [2014-01-17T21:47:51.246367 #18749]  INFO -- : 0:  tilt (1.4.1) from /home/rogier/.rvm/gems/ruby-2.1.0/specifications/tilt-1.4.1.gemspec
I, [2014-01-17T21:47:51.246708 #18749]  INFO -- : 0:  haml (4.0.4) from /home/rogier/.rvm/gems/ruby-2.1.0/specifications/haml-4.0.4.gemspec
I, [2014-01-17T21:47:51.247049 #18749]  INFO -- : 0:  haml-rails (0.4) from /home/rogier/.rvm/gems/ruby-2.1.0/specifications/haml-rails-0.4.gemspec
I, [2014-01-17T21:47:51.247392 #18749]  INFO -- : 0:  hike (1.2.3) from /home/rogier/.rvm/gems/ruby-2.1.0/specifications/hike-1.2.3.gemspec
I, [2014-01-17T21:47:51.247745 #18749]  INFO -- : 0:  jbuilder (1.5.3) from /home/rogier/.rvm/gems/ruby-2.1.0/specifications/jbuilder-1.5.3.gemspec
I, [2014-01-17T21:47:51.248088 #18749]  INFO -- : 0:  jquery-rails (3.0.4) from /home/rogier/.rvm/gems/ruby-2.1.0/specifications/jquery-rails-3.0.4.gemspec
I, [2014-01-17T21:47:51.248432 #18749]  INFO -- : 0:  mini_portile (0.5.2) from /home/rogier/.rvm/gems/ruby-2.1.0/specifications/mini_portile-0.5.2.gemspec
I, [2014-01-17T21:47:51.248775 #18749]  INFO -- : 0:  nokogiri (1.6.1) from /home/rogier/.rvm/gems/ruby-2.1.0/specifications/nokogiri-1.6.1.gemspec
I, [2014-01-17T21:47:51.249122 #18749]  INFO -- : 0:  pg (0.17.1) from /home/rogier/.rvm/gems/ruby-2.1.0/specifications/pg-0.17.1.gemspec
I, [2014-01-17T21:47:51.249467 #18749]  INFO -- : 0:  rack-pjax (0.7.0) from /home/rogier/.rvm/gems/ruby-2.1.0/specifications/rack-pjax-0.7.0.gemspec
I, [2014-01-17T21:47:51.249827 #18749]  INFO -- : 0:  bundler (1.5.1) from /home/rogier/.rvm/gems/ruby-2.1.0@global/specifications/bundler-1.5.1.gemspec
I, [2014-01-17T21:47:51.250209 #18749]  INFO -- : 0:  sprockets (2.10.1) from /home/rogier/.rvm/gems/ruby-2.1.0/specifications/sprockets-2.10.1.gemspec
I, [2014-01-17T21:47:51.250548 #18749]  INFO -- : 0:  sprockets-rails (2.0.1) from /home/rogier/.rvm/gems/ruby-2.1.0/specifications/sprockets-rails-2.0.1.gemspec
I, [2014-01-17T21:47:51.250975 #18749]  INFO -- : 0:  rails (4.0.2) from /home/rogier/.rvm/gems/ruby-2.1.0/specifications/rails-4.0.2.gemspec
I, [2014-01-17T21:47:51.251344 #18749]  INFO -- : 0:  rdoc (4.1.1) from /home/rogier/.rvm/gems/ruby-2.1.0/specifications/rdoc-4.1.1.gemspec
I, [2014-01-17T21:47:51.251733 #18749]  INFO -- : 0:  sass (3.2.13) from /home/rogier/.rvm/gems/ruby-2.1.0/specifications/sass-3.2.13.gemspec
I, [2014-01-17T21:47:51.252097 #18749]  INFO -- : 0:  sass-rails (4.0.1) from /home/rogier/.rvm/gems/ruby-2.1.0/specifications/sass-rails-4.0.1.gemspec
I, [2014-01-17T21:47:51.252464 #18749]  INFO -- : 0:  sdoc (0.4.0) from /home/rogier/.rvm/gems/ruby-2.1.0/specifications/sdoc-0.4.0.gemspec
I, [2014-01-17T21:47:51.252802 #18749]  INFO -- : 0:  thin (1.6.1) from /home/rogier/.rvm/gems/ruby-2.1.0/specifications/thin-1.6.1.gemspec
I, [2014-01-17T21:47:51.253159 #18749]  INFO -- : 0:  uglifier (2.4.0) from /home/rogier/.rvm/gems/ruby-2.1.0/specifications/uglifier-2.4.0.gemspec
I, [2014-01-17T21:48:02.560571 #18758]  INFO -- : 0:  rake (10.1.1) from /home/rogier/.rvm/gems/ruby-2.1.0/specifications/rake-10.1.1.gemspec
I, [2014-01-17T21:48:02.561159 #18758]  INFO -- : 0:  i18n (0.6.9) from /home/rogier/.rvm/gems/ruby-2.1.0/specifications/i18n-0.6.9.gemspec
I, [2014-01-17T21:48:02.561540 #18758]  INFO -- : 0:  minitest (4.7.5) from /home/rogier/.rvm/gems/ruby-2.1.0/specifications/minitest-4.7.5.gemspec
I, [2014-01-17T21:48:02.561898 #18758]  INFO -- : 0:  multi_json (1.8.4) from /home/rogier/.rvm/gems/ruby-2.1.0/specifications/multi_json-1.8.4.gemspec
I, [2014-01-17T21:48:02.562245 #18758]  INFO -- : 0:  atomic (1.1.14) from /home/rogier/.rvm/gems/ruby-2.1.0/specifications/atomic-1.1.14.gemspec
I, [2014-01-17T21:48:02.562594 #18758]  INFO -- : 0:  thread_safe (0.1.3) from /home/rogier/.rvm/gems/ruby-2.1.0/specifications/thread_safe-0.1.3.gemspec
I, [2014-01-17T21:48:02.562942 #18758]  INFO -- : 0:  tzinfo (0.3.38) from /home/rogier/.rvm/gems/ruby-2.1.0/specifications/tzinfo-0.3.38.gemspec
I, [2014-01-17T21:48:02.563303 #18758]  INFO -- : 0:  activesupport (4.0.2) from /home/rogier/.rvm/gems/ruby-2.1.0/specifications/activesupport-4.0.2.gemspec
I, [2014-01-17T21:48:02.563668 #18758]  INFO -- : 0:  builder (3.1.4) from /home/rogier/.rvm/gems/ruby-2.1.0/specifications/builder-3.1.4.gemspec
I, [2014-01-17T21:48:02.564026 #18758]  INFO -- : 0:  erubis (2.7.0) from /home/rogier/.rvm/gems/ruby-2.1.0/specifications/erubis-2.7.0.gemspec
I, [2014-01-17T21:48:02.564386 #18758]  INFO -- : 0:  rack (1.5.2) from /home/rogier/.rvm/gems/ruby-2.1.0/specifications/rack-1.5.2.gemspec
I, [2014-01-17T21:48:02.564735 #18758]  INFO -- : 0:  rack-test (0.6.2) from /home/rogier/.rvm/gems/ruby-2.1.0/specifications/rack-test-0.6.2.gemspec
I, [2014-01-17T21:48:02.565093 #18758]  INFO -- : 0:  actionpack (4.0.2) from /home/rogier/.rvm/gems/ruby-2.1.0/specifications/actionpack-4.0.2.gemspec
I, [2014-01-17T21:48:02.565460 #18758]  INFO -- : 0:  mime-types (1.25.1) from /home/rogier/.rvm/gems/ruby-2.1.0/specifications/mime-types-1.25.1.gemspec
I, [2014-01-17T21:48:02.565805 #18758]  INFO -- : 0:  polyglot (0.3.3) from /home/rogier/.rvm/gems/ruby-2.1.0/specifications/polyglot-0.3.3.gemspec
I, [2014-01-17T21:48:02.566146 #18758]  INFO -- : 0:  treetop (1.4.15) from /home/rogier/.rvm/gems/ruby-2.1.0/specifications/treetop-1.4.15.gemspec
I, [2014-01-17T21:48:02.566488 #18758]  INFO -- : 0:  mail (2.5.4) from /home/rogier/.rvm/gems/ruby-2.1.0/specifications/mail-2.5.4.gemspec
I, [2014-01-17T21:48:02.566838 #18758]  INFO -- : 0:  actionmailer (4.0.2) from /home/rogier/.rvm/gems/ruby-2.1.0/specifications/actionmailer-4.0.2.gemspec
I, [2014-01-17T21:48:02.567188 #18758]  INFO -- : 0:  activemodel (4.0.2) from /home/rogier/.rvm/gems/ruby-2.1.0/specifications/activemodel-4.0.2.gemspec
I, [2014-01-17T21:48:02.567532 #18758]  INFO -- : 0:  activerecord-deprecated_finders (1.0.3) from /home/rogier/.rvm/gems/ruby-2.1.0/specifications/activerecord-deprecated_finders-1.0.3.gemspec
I, [2014-01-17T21:48:02.567881 #18758]  INFO -- : 0:  arel (4.0.1) from /home/rogier/.rvm/gems/ruby-2.1.0/specifications/arel-4.0.1.gemspec
I, [2014-01-17T21:48:02.568229 #18758]  INFO -- : 0:  activerecord (4.0.2) from /home/rogier/.rvm/gems/ruby-2.1.0/specifications/activerecord-4.0.2.gemspec
I, [2014-01-17T21:48:02.568623 #18758]  INFO -- : 0:  json (1.8.1) from /home/rogier/.rvm/gems/ruby-2.1.0/specifications/json-1.8.1.gemspec
I, [2014-01-17T21:48:02.568963 #18758]  INFO -- : 0:  carrierwave (0.9.0) from /home/rogier/.rvm/gems/ruby-2.1.0/specifications/carrierwave-0.9.0.gemspec
I, [2014-01-17T21:48:02.569306 #18758]  INFO -- : 0:  coffee-script-source (1.6.3) from /home/rogier/.rvm/gems/ruby-2.1.0/specifications/coffee-script-source-1.6.3.gemspec
I, [2014-01-17T21:48:02.569648 #18758]  INFO -- : 0:  execjs (2.0.2) from /home/rogier/.rvm/gems/ruby-2.1.0/specifications/execjs-2.0.2.gemspec
I, [2014-01-17T21:48:02.569988 #18758]  INFO -- : 0:  coffee-script (2.2.0) from /home/rogier/.rvm/gems/ruby-2.1.0/specifications/coffee-script-2.2.0.gemspec
I, [2014-01-17T21:48:02.570331 #18758]  INFO -- : 0:  thor (0.18.1) from /home/rogier/.rvm/gems/ruby-2.1.0/specifications/thor-0.18.1.gemspec
I, [2014-01-17T21:48:02.570682 #18758]  INFO -- : 0:  railties (4.0.2) from /home/rogier/.rvm/gems/ruby-2.1.0/specifications/railties-4.0.2.gemspec
I, [2014-01-17T21:48:02.571060 #18758]  INFO -- : 0:  coffee-rails (4.0.1) from /home/rogier/.rvm/gems/ruby-2.1.0/specifications/coffee-rails-4.0.1.gemspec
I, [2014-01-17T21:48:02.571415 #18758]  INFO -- : 0:  daemons (1.1.9) from /home/rogier/.rvm/gems/ruby-2.1.0/specifications/daemons-1.1.9.gemspec
I, [2014-01-17T21:48:02.571758 #18758]  INFO -- : 0:  eventmachine (1.0.3) from /home/rogier/.rvm/gems/ruby-2.1.0/specifications/eventmachine-1.0.3.gemspec
I, [2014-01-17T21:48:02.572101 #18758]  INFO -- : 0:  tilt (1.4.1) from /home/rogier/.rvm/gems/ruby-2.1.0/specifications/tilt-1.4.1.gemspec
I, [2014-01-17T21:48:02.572441 #18758]  INFO -- : 0:  haml (4.0.4) from /home/rogier/.rvm/gems/ruby-2.1.0/specifications/haml-4.0.4.gemspec
I, [2014-01-17T21:48:02.572781 #18758]  INFO -- : 0:  haml-rails (0.4) from /home/rogier/.rvm/gems/ruby-2.1.0/specifications/haml-rails-0.4.gemspec
I, [2014-01-17T21:48:02.573122 #18758]  INFO -- : 0:  hike (1.2.3) from /home/rogier/.rvm/gems/ruby-2.1.0/specifications/hike-1.2.3.gemspec
I, [2014-01-17T21:48:02.573480 #18758]  INFO -- : 0:  jbuilder (1.5.3) from /home/rogier/.rvm/gems/ruby-2.1.0/specifications/jbuilder-1.5.3.gemspec
I, [2014-01-17T21:48:02.573827 #18758]  INFO -- : 0:  jquery-rails (3.0.4) from /home/rogier/.rvm/gems/ruby-2.1.0/specifications/jquery-rails-3.0.4.gemspec
I, [2014-01-17T21:48:02.574172 #18758]  INFO -- : 0:  mini_portile (0.5.2) from /home/rogier/.rvm/gems/ruby-2.1.0/specifications/mini_portile-0.5.2.gemspec
I, [2014-01-17T21:48:02.574538 #18758]  INFO -- : 0:  nokogiri (1.6.1) from /home/rogier/.rvm/gems/ruby-2.1.0/specifications/nokogiri-1.6.1.gemspec
I, [2014-01-17T21:48:02.574898 #18758]  INFO -- : 0:  pg (0.17.1) from /home/rogier/.rvm/gems/ruby-2.1.0/specifications/pg-0.17.1.gemspec
I, [2014-01-17T21:48:02.575274 #18758]  INFO -- : 0:  rack-pjax (0.7.0) from /home/rogier/.rvm/gems/ruby-2.1.0/specifications/rack-pjax-0.7.0.gemspec
I, [2014-01-17T21:48:02.575615 #18758]  INFO -- : 0:  bundler (1.5.1) from /home/rogier/.rvm/gems/ruby-2.1.0@global/specifications/bundler-1.5.1.gemspec
I, [2014-01-17T21:48:02.575983 #18758]  INFO -- : 0:  sprockets (2.10.1) from /home/rogier/.rvm/gems/ruby-2.1.0/specifications/sprockets-2.10.1.gemspec
I, [2014-01-17T21:48:02.576353 #18758]  INFO -- : 0:  sprockets-rails (2.0.1) from /home/rogier/.rvm/gems/ruby-2.1.0/specifications/sprockets-rails-2.0.1.gemspec
I, [2014-01-17T21:48:02.576722 #18758]  INFO -- : 0:  rails (4.0.2) from /home/rogier/.rvm/gems/ruby-2.1.0/specifications/rails-4.0.2.gemspec
I, [2014-01-17T21:48:02.577086 #18758]  INFO -- : 0:  rdoc (4.1.1) from /home/rogier/.rvm/gems/ruby-2.1.0/specifications/rdoc-4.1.1.gemspec
I, [2014-01-17T21:48:02.577460 #18758]  INFO -- : 0:  sass (3.2.13) from /home/rogier/.rvm/gems/ruby-2.1.0/specifications/sass-3.2.13.gemspec
I, [2014-01-17T21:48:02.577798 #18758]  INFO -- : 0:  sass-rails (4.0.1) from /home/rogier/.rvm/gems/ruby-2.1.0/specifications/sass-rails-4.0.1.gemspec
I, [2014-01-17T21:48:02.578153 #18758]  INFO -- : 0:  sdoc (0.4.0) from /home/rogier/.rvm/gems/ruby-2.1.0/specifications/sdoc-0.4.0.gemspec
I, [2014-01-17T21:48:02.578543 #18758]  INFO -- : 0:  thin (1.6.1) from /home/rogier/.rvm/gems/ruby-2.1.0/specifications/thin-1.6.1.gemspec
I, [2014-01-17T21:48:02.578906 #18758]  INFO -- : 0:  uglifier (2.4.0) from /home/rogier/.rvm/gems/ruby-2.1.0/specifications/uglifier-2.4.0.gemspec
I, [2014-01-17T21:49:17.796742 #18818]  INFO -- : 0:  rake (10.1.1) from /home/rogier/.rvm/gems/ruby-2.1.0/specifications/rake-10.1.1.gemspec
I, [2014-01-17T21:49:17.797284 #18818]  INFO -- : 0:  i18n (0.6.9) from /home/rogier/.rvm/gems/ruby-2.1.0/specifications/i18n-0.6.9.gemspec
I, [2014-01-17T21:49:17.797658 #18818]  INFO -- : 0:  minitest (4.7.5) from /home/rogier/.rvm/gems/ruby-2.1.0/specifications/minitest-4.7.5.gemspec
I, [2014-01-17T21:49:17.798017 #18818]  INFO -- : 0:  multi_json (1.8.4) from /home/rogier/.rvm/gems/ruby-2.1.0/specifications/multi_json-1.8.4.gemspec
I, [2014-01-17T21:49:17.798374 #18818]  INFO -- : 0:  atomic (1.1.14) from /home/rogier/.rvm/gems/ruby-2.1.0/specifications/atomic-1.1.14.gemspec
I, [2014-01-17T21:49:17.798726 #18818]  INFO -- : 0:  thread_safe (0.1.3) from /home/rogier/.rvm/gems/ruby-2.1.0/specifications/thread_safe-0.1.3.gemspec
I, [2014-01-17T21:49:17.799073 #18818]  INFO -- : 0:  tzinfo (0.3.38) from /home/rogier/.rvm/gems/ruby-2.1.0/specifications/tzinfo-0.3.38.gemspec
I, [2014-01-17T21:49:17.799427 #18818]  INFO -- : 0:  activesupport (4.0.2) from /home/rogier/.rvm/gems/ruby-2.1.0/specifications/activesupport-4.0.2.gemspec
I, [2014-01-17T21:49:17.799787 #18818]  INFO -- : 0:  builder (3.1.4) from /home/rogier/.rvm/gems/ruby-2.1.0/specifications/builder-3.1.4.gemspec
I, [2014-01-17T21:49:17.800148 #18818]  INFO -- : 0:  erubis (2.7.0) from /home/rogier/.rvm/gems/ruby-2.1.0/specifications/erubis-2.7.0.gemspec
I, [2014-01-17T21:49:17.800526 #18818]  INFO -- : 0:  rack (1.5.2) from /home/rogier/.rvm/gems/ruby-2.1.0/specifications/rack-1.5.2.gemspec
I, [2014-01-17T21:49:17.800936 #18818]  INFO -- : 0:  rack-test (0.6.2) from /home/rogier/.rvm/gems/ruby-2.1.0/specifications/rack-test-0.6.2.gemspec
I, [2014-01-17T21:49:17.801318 #18818]  INFO -- : 0:  actionpack (4.0.2) from /home/rogier/.rvm/gems/ruby-2.1.0/specifications/actionpack-4.0.2.gemspec
I, [2014-01-17T21:49:17.801674 #18818]  INFO -- : 0:  mime-types (1.25.1) from /home/rogier/.rvm/gems/ruby-2.1.0/specifications/mime-types-1.25.1.gemspec
I, [2014-01-17T21:49:17.802023 #18818]  INFO -- : 0:  polyglot (0.3.3) from /home/rogier/.rvm/gems/ruby-2.1.0/specifications/polyglot-0.3.3.gemspec
I, [2014-01-17T21:49:17.802367 #18818]  INFO -- : 0:  treetop (1.4.15) from /home/rogier/.rvm/gems/ruby-2.1.0/specifications/treetop-1.4.15.gemspec
I, [2014-01-17T21:49:17.802719 #18818]  INFO -- : 0:  mail (2.5.4) from /home/rogier/.rvm/gems/ruby-2.1.0/specifications/mail-2.5.4.gemspec
I, [2014-01-17T21:49:17.803071 #18818]  INFO -- : 0:  actionmailer (4.0.2) from /home/rogier/.rvm/gems/ruby-2.1.0/specifications/actionmailer-4.0.2.gemspec
I, [2014-01-17T21:49:17.803423 #18818]  INFO -- : 0:  activemodel (4.0.2) from /home/rogier/.rvm/gems/ruby-2.1.0/specifications/activemodel-4.0.2.gemspec
I, [2014-01-17T21:49:17.803769 #18818]  INFO -- : 0:  activerecord-deprecated_finders (1.0.3) from /home/rogier/.rvm/gems/ruby-2.1.0/specifications/activerecord-deprecated_finders-1.0.3.gemspec
I, [2014-01-17T21:49:17.804121 #18818]  INFO -- : 0:  arel (4.0.1) from /home/rogier/.rvm/gems/ruby-2.1.0/specifications/arel-4.0.1.gemspec
I, [2014-01-17T21:49:17.804471 #18818]  INFO -- : 0:  activerecord (4.0.2) from /home/rogier/.rvm/gems/ruby-2.1.0/specifications/activerecord-4.0.2.gemspec
I, [2014-01-17T21:49:17.804821 #18818]  INFO -- : 0:  json (1.8.1) from /home/rogier/.rvm/gems/ruby-2.1.0/specifications/json-1.8.1.gemspec
I, [2014-01-17T21:49:17.805162 #18818]  INFO -- : 0:  carrierwave (0.9.0) from /home/rogier/.rvm/gems/ruby-2.1.0/specifications/carrierwave-0.9.0.gemspec
I, [2014-01-17T21:49:17.805518 #18818]  INFO -- : 0:  coffee-script-source (1.6.3) from /home/rogier/.rvm/gems/ruby-2.1.0/specifications/coffee-script-source-1.6.3.gemspec
I, [2014-01-17T21:49:17.805907 #18818]  INFO -- : 0:  execjs (2.0.2) from /home/rogier/.rvm/gems/ruby-2.1.0/specifications/execjs-2.0.2.gemspec
I, [2014-01-17T21:49:17.806263 #18818]  INFO -- : 0:  coffee-script (2.2.0) from /home/rogier/.rvm/gems/ruby-2.1.0/specifications/coffee-script-2.2.0.gemspec
I, [2014-01-17T21:49:17.806611 #18818]  INFO -- : 0:  thor (0.18.1) from /home/rogier/.rvm/gems/ruby-2.1.0/specifications/thor-0.18.1.gemspec
I, [2014-01-17T21:49:17.806973 #18818]  INFO -- : 0:  railties (4.0.2) from /home/rogier/.rvm/gems/ruby-2.1.0/specifications/railties-4.0.2.gemspec
I, [2014-01-17T21:49:17.807329 #18818]  INFO -- : 0:  coffee-rails (4.0.1) from /home/rogier/.rvm/gems/ruby-2.1.0/specifications/coffee-rails-4.0.1.gemspec
I, [2014-01-17T21:49:17.807676 #18818]  INFO -- : 0:  daemons (1.1.9) from /home/rogier/.rvm/gems/ruby-2.1.0/specifications/daemons-1.1.9.gemspec
I, [2014-01-17T21:49:17.808025 #18818]  INFO -- : 0:  eventmachine (1.0.3) from /home/rogier/.rvm/gems/ruby-2.1.0/specifications/eventmachine-1.0.3.gemspec
I, [2014-01-17T21:49:17.808378 #18818]  INFO -- : 0:  tilt (1.4.1) from /home/rogier/.rvm/gems/ruby-2.1.0/specifications/tilt-1.4.1.gemspec
I, [2014-01-17T21:49:17.808723 #18818]  INFO -- : 0:  haml (4.0.4) from /home/rogier/.rvm/gems/ruby-2.1.0/specifications/haml-4.0.4.gemspec
I, [2014-01-17T21:49:17.809068 #18818]  INFO -- : 0:  haml-rails (0.4) from /home/rogier/.rvm/gems/ruby-2.1.0/specifications/haml-rails-0.4.gemspec
I, [2014-01-17T21:49:17.809411 #18818]  INFO -- : 0:  hike (1.2.3) from /home/rogier/.rvm/gems/ruby-2.1.0/specifications/hike-1.2.3.gemspec
I, [2014-01-17T21:49:17.809765 #18818]  INFO -- : 0:  jbuilder (1.5.3) from /home/rogier/.rvm/gems/ruby-2.1.0/specifications/jbuilder-1.5.3.gemspec
I, [2014-01-17T21:49:17.810114 #18818]  INFO -- : 0:  jquery-rails (3.0.4) from /home/rogier/.rvm/gems/ruby-2.1.0/specifications/jquery-rails-3.0.4.gemspec
I, [2014-01-17T21:49:17.810467 #18818]  INFO -- : 0:  mini_portile (0.5.2) from /home/rogier/.rvm/gems/ruby-2.1.0/specifications/mini_portile-0.5.2.gemspec
I, [2014-01-17T21:49:17.810888 #18818]  INFO -- : 0:  nokogiri (1.6.1) from /home/rogier/.rvm/gems/ruby-2.1.0/specifications/nokogiri-1.6.1.gemspec
I, [2014-01-17T21:49:17.811246 #18818]  INFO -- : 0:  pg (0.17.1) from /home/rogier/.rvm/gems/ruby-2.1.0/specifications/pg-0.17.1.gemspec
I, [2014-01-17T21:49:17.811621 #18818]  INFO -- : 0:  rack-pjax (0.7.0) from /home/rogier/.rvm/gems/ruby-2.1.0/specifications/rack-pjax-0.7.0.gemspec
I, [2014-01-17T21:49:17.811957 #18818]  INFO -- : 0:  bundler (1.5.1) from /home/rogier/.rvm/gems/ruby-2.1.0@global/specifications/bundler-1.5.1.gemspec
I, [2014-01-17T21:49:17.812320 #18818]  INFO -- : 0:  sprockets (2.10.1) from /home/rogier/.rvm/gems/ruby-2.1.0/specifications/sprockets-2.10.1.gemspec
I, [2014-01-17T21:49:17.812679 #18818]  INFO -- : 0:  sprockets-rails (2.0.1) from /home/rogier/.rvm/gems/ruby-2.1.0/specifications/sprockets-rails-2.0.1.gemspec
I, [2014-01-17T21:49:17.813043 #18818]  INFO -- : 0:  rails (4.0.2) from /home/rogier/.rvm/gems/ruby-2.1.0/specifications/rails-4.0.2.gemspec
I, [2014-01-17T21:49:17.813406 #18818]  INFO -- : 0:  rdoc (4.1.1) from /home/rogier/.rvm/gems/ruby-2.1.0/specifications/rdoc-4.1.1.gemspec
I, [2014-01-17T21:49:17.813770 #18818]  INFO -- : 0:  sass (3.2.13) from /home/rogier/.rvm/gems/ruby-2.1.0/specifications/sass-3.2.13.gemspec
I, [2014-01-17T21:49:17.814114 #18818]  INFO -- : 0:  sass-rails (4.0.1) from /home/rogier/.rvm/gems/ruby-2.1.0/specifications/sass-rails-4.0.1.gemspec
I, [2014-01-17T21:49:17.814465 #18818]  INFO -- : 0:  sdoc (0.4.0) from /home/rogier/.rvm/gems/ruby-2.1.0/specifications/sdoc-0.4.0.gemspec
I, [2014-01-17T21:49:17.814822 #18818]  INFO -- : 0:  thin (1.6.1) from /home/rogier/.rvm/gems/ruby-2.1.0/specifications/thin-1.6.1.gemspec
I, [2014-01-17T21:49:17.815184 #18818]  INFO -- : 0:  uglifier (2.4.0) from /home/rogier/.rvm/gems/ruby-2.1.0/specifications/uglifier-2.4.0.gemspec
I, [2014-01-17T21:51:02.662006 #18905]  INFO -- : 0:  rake (10.1.1) from /home/rogier/.rvm/gems/ruby-2.1.0/specifications/rake-10.1.1.gemspec
I, [2014-01-17T21:51:02.662603 #18905]  INFO -- : 0:  i18n (0.6.9) from /home/rogier/.rvm/gems/ruby-2.1.0/specifications/i18n-0.6.9.gemspec
I, [2014-01-17T21:51:02.662973 #18905]  INFO -- : 0:  minitest (4.7.5) from /home/rogier/.rvm/gems/ruby-2.1.0/specifications/minitest-4.7.5.gemspec
I, [2014-01-17T21:51:02.663321 #18905]  INFO -- : 0:  multi_json (1.8.4) from /home/rogier/.rvm/gems/ruby-2.1.0/specifications/multi_json-1.8.4.gemspec
I, [2014-01-17T21:51:02.663659 #18905]  INFO -- : 0:  atomic (1.1.14) from /home/rogier/.rvm/gems/ruby-2.1.0/specifications/atomic-1.1.14.gemspec
I, [2014-01-17T21:51:02.663993 #18905]  INFO -- : 0:  thread_safe (0.1.3) from /home/rogier/.rvm/gems/ruby-2.1.0/specifications/thread_safe-0.1.3.gemspec
I, [2014-01-17T21:51:02.664326 #18905]  INFO -- : 0:  tzinfo (0.3.38) from /home/rogier/.rvm/gems/ruby-2.1.0/specifications/tzinfo-0.3.38.gemspec
I, [2014-01-17T21:51:02.664670 #18905]  INFO -- : 0:  activesupport (4.0.2) from /home/rogier/.rvm/gems/ruby-2.1.0/specifications/activesupport-4.0.2.gemspec
I, [2014-01-17T21:51:02.665018 #18905]  INFO -- : 0:  builder (3.1.4) from /home/rogier/.rvm/gems/ruby-2.1.0/specifications/builder-3.1.4.gemspec
I, [2014-01-17T21:51:02.665385 #18905]  INFO -- : 0:  erubis (2.7.0) from /home/rogier/.rvm/gems/ruby-2.1.0/specifications/erubis-2.7.0.gemspec
I, [2014-01-17T21:51:02.665737 #18905]  INFO -- : 0:  rack (1.5.2) from /home/rogier/.rvm/gems/ruby-2.1.0/specifications/rack-1.5.2.gemspec
I, [2014-01-17T21:51:02.666083 #18905]  INFO -- : 0:  rack-test (0.6.2) from /home/rogier/.rvm/gems/ruby-2.1.0/specifications/rack-test-0.6.2.gemspec
I, [2014-01-17T21:51:02.666436 #18905]  INFO -- : 0:  actionpack (4.0.2) from /home/rogier/.rvm/gems/ruby-2.1.0/specifications/actionpack-4.0.2.gemspec
I, [2014-01-17T21:51:02.666778 #18905]  INFO -- : 0:  mime-types (1.25.1) from /home/rogier/.rvm/gems/ruby-2.1.0/specifications/mime-types-1.25.1.gemspec
I, [2014-01-17T21:51:02.667115 #18905]  INFO -- : 0:  polyglot (0.3.3) from /home/rogier/.rvm/gems/ruby-2.1.0/specifications/polyglot-0.3.3.gemspec
I, [2014-01-17T21:51:02.667468 #18905]  INFO -- : 0:  treetop (1.4.15) from /home/rogier/.rvm/gems/ruby-2.1.0/specifications/treetop-1.4.15.gemspec
I, [2014-01-17T21:51:02.667812 #18905]  INFO -- : 0:  mail (2.5.4) from /home/rogier/.rvm/gems/ruby-2.1.0/specifications/mail-2.5.4.gemspec
I, [2014-01-17T21:51:02.668154 #18905]  INFO -- : 0:  actionmailer (4.0.2) from /home/rogier/.rvm/gems/ruby-2.1.0/specifications/actionmailer-4.0.2.gemspec
I, [2014-01-17T21:51:02.668494 #18905]  INFO -- : 0:  activemodel (4.0.2) from /home/rogier/.rvm/gems/ruby-2.1.0/specifications/activemodel-4.0.2.gemspec
I, [2014-01-17T21:51:02.668836 #18905]  INFO -- : 0:  activerecord-deprecated_finders (1.0.3) from /home/rogier/.rvm/gems/ruby-2.1.0/specifications/activerecord-deprecated_finders-1.0.3.gemspec
I, [2014-01-17T21:51:02.669178 #18905]  INFO -- : 0:  arel (4.0.1) from /home/rogier/.rvm/gems/ruby-2.1.0/specifications/arel-4.0.1.gemspec
I, [2014-01-17T21:51:02.669521 #18905]  INFO -- : 0:  activerecord (4.0.2) from /home/rogier/.rvm/gems/ruby-2.1.0/specifications/activerecord-4.0.2.gemspec
I, [2014-01-17T21:51:02.669877 #18905]  INFO -- : 0:  json (1.8.1) from /home/rogier/.rvm/gems/ruby-2.1.0/specifications/json-1.8.1.gemspec
I, [2014-01-17T21:51:02.670236 #18905]  INFO -- : 0:  carrierwave (0.9.0) from /home/rogier/.rvm/gems/ruby-2.1.0/specifications/carrierwave-0.9.0.gemspec
I, [2014-01-17T21:51:02.670605 #18905]  INFO -- : 0:  coffee-script-source (1.6.3) from /home/rogier/.rvm/gems/ruby-2.1.0/specifications/coffee-script-source-1.6.3.gemspec
I, [2014-01-17T21:51:02.670998 #18905]  INFO -- : 0:  execjs (2.0.2) from /home/rogier/.rvm/gems/ruby-2.1.0/specifications/execjs-2.0.2.gemspec
I, [2014-01-17T21:51:02.671342 #18905]  INFO -- : 0:  coffee-script (2.2.0) from /home/rogier/.rvm/gems/ruby-2.1.0/specifications/coffee-script-2.2.0.gemspec
I, [2014-01-17T21:51:02.671680 #18905]  INFO -- : 0:  thor (0.18.1) from /home/rogier/.rvm/gems/ruby-2.1.0/specifications/thor-0.18.1.gemspec
I, [2014-01-17T21:51:02.672054 #18905]  INFO -- : 0:  railties (4.0.2) from /home/rogier/.rvm/gems/ruby-2.1.0/specifications/railties-4.0.2.gemspec
I, [2014-01-17T21:51:02.672403 #18905]  INFO -- : 0:  coffee-rails (4.0.1) from /home/rogier/.rvm/gems/ruby-2.1.0/specifications/coffee-rails-4.0.1.gemspec
I, [2014-01-17T21:51:02.672749 #18905]  INFO -- : 0:  daemons (1.1.9) from /home/rogier/.rvm/gems/ruby-2.1.0/specifications/daemons-1.1.9.gemspec
I, [2014-01-17T21:51:02.673091 #18905]  INFO -- : 0:  eventmachine (1.0.3) from /home/rogier/.rvm/gems/ruby-2.1.0/specifications/eventmachine-1.0.3.gemspec
I, [2014-01-17T21:51:02.673431 #18905]  INFO -- : 0:  tilt (1.4.1) from /home/rogier/.rvm/gems/ruby-2.1.0/specifications/tilt-1.4.1.gemspec
I, [2014-01-17T21:51:02.673769 #18905]  INFO -- : 0:  haml (4.0.4) from /home/rogier/.rvm/gems/ruby-2.1.0/specifications/haml-4.0.4.gemspec
I, [2014-01-17T21:51:02.674107 #18905]  INFO -- : 0:  haml-rails (0.4) from /home/rogier/.rvm/gems/ruby-2.1.0/specifications/haml-rails-0.4.gemspec
I, [2014-01-17T21:51:02.674442 #18905]  INFO -- : 0:  hike (1.2.3) from /home/rogier/.rvm/gems/ruby-2.1.0/specifications/hike-1.2.3.gemspec
I, [2014-01-17T21:51:02.674789 #18905]  INFO -- : 0:  jbuilder (1.5.3) from /home/rogier/.rvm/gems/ruby-2.1.0/specifications/jbuilder-1.5.3.gemspec
I, [2014-01-17T21:51:02.675134 #18905]  INFO -- : 0:  jquery-rails (3.0.4) from /home/rogier/.rvm/gems/ruby-2.1.0/specifications/jquery-rails-3.0.4.gemspec
I, [2014-01-17T21:51:02.675473 #18905]  INFO -- : 0:  mini_portile (0.5.2) from /home/rogier/.rvm/gems/ruby-2.1.0/specifications/mini_portile-0.5.2.gemspec
I, [2014-01-17T21:51:02.675844 #18905]  INFO -- : 0:  nokogiri (1.6.1) from /home/rogier/.rvm/gems/ruby-2.1.0/specifications/nokogiri-1.6.1.gemspec
I, [2014-01-17T21:51:02.676190 #18905]  INFO -- : 0:  pg (0.17.1) from /home/rogier/.rvm/gems/ruby-2.1.0/specifications/pg-0.17.1.gemspec
I, [2014-01-17T21:51:02.676549 #18905]  INFO -- : 0:  rack-pjax (0.7.0) from /home/rogier/.rvm/gems/ruby-2.1.0/specifications/rack-pjax-0.7.0.gemspec
I, [2014-01-17T21:51:02.676886 #18905]  INFO -- : 0:  bundler (1.5.1) from /home/rogier/.rvm/gems/ruby-2.1.0@global/specifications/bundler-1.5.1.gemspec
I, [2014-01-17T21:51:02.677228 #18905]  INFO -- : 0:  sprockets (2.10.1) from /home/rogier/.rvm/gems/ruby-2.1.0/specifications/sprockets-2.10.1.gemspec
I, [2014-01-17T21:51:02.677586 #18905]  INFO -- : 0:  sprockets-rails (2.0.1) from /home/rogier/.rvm/gems/ruby-2.1.0/specifications/sprockets-rails-2.0.1.gemspec
I, [2014-01-17T21:51:02.677958 #18905]  INFO -- : 0:  rails (4.0.2) from /home/rogier/.rvm/gems/ruby-2.1.0/specifications/rails-4.0.2.gemspec
I, [2014-01-17T21:51:02.678320 #18905]  INFO -- : 0:  rdoc (4.1.1) from /home/rogier/.rvm/gems/ruby-2.1.0/specifications/rdoc-4.1.1.gemspec
I, [2014-01-17T21:51:02.678673 #18905]  INFO -- : 0:  sass (3.2.13) from /home/rogier/.rvm/gems/ruby-2.1.0/specifications/sass-3.2.13.gemspec
I, [2014-01-17T21:51:02.679028 #18905]  INFO -- : 0:  sass-rails (4.0.1) from /home/rogier/.rvm/gems/ruby-2.1.0/specifications/sass-rails-4.0.1.gemspec
I, [2014-01-17T21:51:02.679358 #18905]  INFO -- : 0:  sdoc (0.4.0) from /home/rogier/.rvm/gems/ruby-2.1.0/specifications/sdoc-0.4.0.gemspec
I, [2014-01-17T21:51:02.679704 #18905]  INFO -- : 0:  thin (1.6.1) from /home/rogier/.rvm/gems/ruby-2.1.0/specifications/thin-1.6.1.gemspec
I, [2014-01-17T21:51:02.680064 #18905]  INFO -- : 0:  uglifier (2.4.0) from /home/rogier/.rvm/gems/ruby-2.1.0/specifications/uglifier-2.4.0.gemspec
I, [2014-01-17T21:51:53.325068 #18934]  INFO -- : 0:  rake (10.1.1) from /home/rogier/.rvm/gems/ruby-2.1.0/specifications/rake-10.1.1.gemspec
I, [2014-01-17T21:51:53.325658 #18934]  INFO -- : 0:  i18n (0.6.9) from /home/rogier/.rvm/gems/ruby-2.1.0/specifications/i18n-0.6.9.gemspec
I, [2014-01-17T21:51:53.326042 #18934]  INFO -- : 0:  minitest (4.7.5) from /home/rogier/.rvm/gems/ruby-2.1.0/specifications/minitest-4.7.5.gemspec
I, [2014-01-17T21:51:53.326406 #18934]  INFO -- : 0:  multi_json (1.8.4) from /home/rogier/.rvm/gems/ruby-2.1.0/specifications/multi_json-1.8.4.gemspec
I, [2014-01-17T21:51:53.326795 #18934]  INFO -- : 0:  atomic (1.1.14) from /home/rogier/.rvm/gems/ruby-2.1.0/specifications/atomic-1.1.14.gemspec
I, [2014-01-17T21:51:53.327149 #18934]  INFO -- : 0:  thread_safe (0.1.3) from /home/rogier/.rvm/gems/ruby-2.1.0/specifications/thread_safe-0.1.3.gemspec
I, [2014-01-17T21:51:53.327497 #18934]  INFO -- : 0:  tzinfo (0.3.38) from /home/rogier/.rvm/gems/ruby-2.1.0/specifications/tzinfo-0.3.38.gemspec
I, [2014-01-17T21:51:53.327855 #18934]  INFO -- : 0:  activesupport (4.0.2) from /home/rogier/.rvm/gems/ruby-2.1.0/specifications/activesupport-4.0.2.gemspec
I, [2014-01-17T21:51:53.328226 #18934]  INFO -- : 0:  builder (3.1.4) from /home/rogier/.rvm/gems/ruby-2.1.0/specifications/builder-3.1.4.gemspec
I, [2014-01-17T21:51:53.328581 #18934]  INFO -- : 0:  erubis (2.7.0) from /home/rogier/.rvm/gems/ruby-2.1.0/specifications/erubis-2.7.0.gemspec
I, [2014-01-17T21:51:53.328942 #18934]  INFO -- : 0:  rack (1.5.2) from /home/rogier/.rvm/gems/ruby-2.1.0/specifications/rack-1.5.2.gemspec
I, [2014-01-17T21:51:53.329310 #18934]  INFO -- : 0:  rack-test (0.6.2) from /home/rogier/.rvm/gems/ruby-2.1.0/specifications/rack-test-0.6.2.gemspec
I, [2014-01-17T21:51:53.329671 #18934]  INFO -- : 0:  actionpack (4.0.2) from /home/rogier/.rvm/gems/ruby-2.1.0/specifications/actionpack-4.0.2.gemspec
I, [2014-01-17T21:51:53.330024 #18934]  INFO -- : 0:  mime-types (1.25.1) from /home/rogier/.rvm/gems/ruby-2.1.0/specifications/mime-types-1.25.1.gemspec
I, [2014-01-17T21:51:53.330374 #18934]  INFO -- : 0:  polyglot (0.3.3) from /home/rogier/.rvm/gems/ruby-2.1.0/specifications/polyglot-0.3.3.gemspec
I, [2014-01-17T21:51:53.330722 #18934]  INFO -- : 0:  treetop (1.4.15) from /home/rogier/.rvm/gems/ruby-2.1.0/specifications/treetop-1.4.15.gemspec
I, [2014-01-17T21:51:53.331111 #18934]  INFO -- : 0:  mail (2.5.4) from /home/rogier/.rvm/gems/ruby-2.1.0/specifications/mail-2.5.4.gemspec
I, [2014-01-17T21:51:53.331474 #18934]  INFO -- : 0:  actionmailer (4.0.2) from /home/rogier/.rvm/gems/ruby-2.1.0/specifications/actionmailer-4.0.2.gemspec
I, [2014-01-17T21:51:53.331838 #18934]  INFO -- : 0:  activemodel (4.0.2) from /home/rogier/.rvm/gems/ruby-2.1.0/specifications/activemodel-4.0.2.gemspec
I, [2014-01-17T21:51:53.332198 #18934]  INFO -- : 0:  activerecord-deprecated_finders (1.0.3) from /home/rogier/.rvm/gems/ruby-2.1.0/specifications/activerecord-deprecated_finders-1.0.3.gemspec
I, [2014-01-17T21:51:53.332567 #18934]  INFO -- : 0:  arel (4.0.1) from /home/rogier/.rvm/gems/ruby-2.1.0/specifications/arel-4.0.1.gemspec
I, [2014-01-17T21:51:53.332958 #18934]  INFO -- : 0:  activerecord (4.0.2) from /home/rogier/.rvm/gems/ruby-2.1.0/specifications/activerecord-4.0.2.gemspec
I, [2014-01-17T21:51:53.333322 #18934]  INFO -- : 0:  bundler (1.5.1) from /home/rogier/.rvm/gems/ruby-2.1.0@global/specifications/bundler-1.5.1.gemspec
I, [2014-01-17T21:51:53.333713 #18934]  INFO -- : 0:  json (1.8.1) from /home/rogier/.rvm/gems/ruby-2.1.0/specifications/json-1.8.1.gemspec
I, [2014-01-17T21:51:53.334118 #18934]  INFO -- : 0:  carrierwave (0.9.0) from /home/rogier/.rvm/gems/ruby-2.1.0/specifications/carrierwave-0.9.0.gemspec
I, [2014-01-17T21:51:53.334520 #18934]  INFO -- : 0:  coffee-script-source (1.6.3) from /home/rogier/.rvm/gems/ruby-2.1.0/specifications/coffee-script-source-1.6.3.gemspec
I, [2014-01-17T21:51:53.334908 #18934]  INFO -- : 0:  execjs (2.0.2) from /home/rogier/.rvm/gems/ruby-2.1.0/specifications/execjs-2.0.2.gemspec
I, [2014-01-17T21:51:53.335300 #18934]  INFO -- : 0:  coffee-script (2.2.0) from /home/rogier/.rvm/gems/ruby-2.1.0/specifications/coffee-script-2.2.0.gemspec
I, [2014-01-17T21:51:53.335674 #18934]  INFO -- : 0:  thor (0.18.1) from /home/rogier/.rvm/gems/ruby-2.1.0/specifications/thor-0.18.1.gemspec
I, [2014-01-17T21:51:53.336067 #18934]  INFO -- : 0:  railties (4.0.2) from /home/rogier/.rvm/gems/ruby-2.1.0/specifications/railties-4.0.2.gemspec
I, [2014-01-17T21:51:53.336488 #18934]  INFO -- : 0:  coffee-rails (4.0.1) from /home/rogier/.rvm/gems/ruby-2.1.0/specifications/coffee-rails-4.0.1.gemspec
I, [2014-01-17T21:51:53.336925 #18934]  INFO -- : 0:  daemons (1.1.9) from /home/rogier/.rvm/gems/ruby-2.1.0/specifications/daemons-1.1.9.gemspec
I, [2014-01-17T21:51:53.337318 #18934]  INFO -- : 0:  eventmachine (1.0.3) from /home/rogier/.rvm/gems/ruby-2.1.0/specifications/eventmachine-1.0.3.gemspec
I, [2014-01-17T21:51:53.337703 #18934]  INFO -- : 0:  tilt (1.4.1) from /home/rogier/.rvm/gems/ruby-2.1.0/specifications/tilt-1.4.1.gemspec
I, [2014-01-17T21:51:53.338088 #18934]  INFO -- : 0:  haml (4.0.4) from /home/rogier/.rvm/gems/ruby-2.1.0/specifications/haml-4.0.4.gemspec
I, [2014-01-17T21:51:53.338477 #18934]  INFO -- : 0:  haml-rails (0.4) from /home/rogier/.rvm/gems/ruby-2.1.0/specifications/haml-rails-0.4.gemspec
I, [2014-01-17T21:51:53.338854 #18934]  INFO -- : 0:  hike (1.2.3) from /home/rogier/.rvm/gems/ruby-2.1.0/specifications/hike-1.2.3.gemspec
I, [2014-01-17T21:51:53.339251 #18934]  INFO -- : 0:  jbuilder (1.5.3) from /home/rogier/.rvm/gems/ruby-2.1.0/specifications/jbuilder-1.5.3.gemspec
I, [2014-01-17T21:51:53.339639 #18934]  INFO -- : 0:  jquery-rails (3.0.4) from /home/rogier/.rvm/gems/ruby-2.1.0/specifications/jquery-rails-3.0.4.gemspec
I, [2014-01-17T21:51:53.340022 #18934]  INFO -- : 0:  mini_portile (0.5.2) from /home/rogier/.rvm/gems/ruby-2.1.0/specifications/mini_portile-0.5.2.gemspec
I, [2014-01-17T21:51:53.340400 #18934]  INFO -- : 0:  nokogiri (1.6.1) from /home/rogier/.rvm/gems/ruby-2.1.0/specifications/nokogiri-1.6.1.gemspec
I, [2014-01-17T21:51:53.340761 #18934]  INFO -- : 0:  pg (0.17.1) from /home/rogier/.rvm/gems/ruby-2.1.0/specifications/pg-0.17.1.gemspec
I, [2014-01-17T21:51:53.341147 #18934]  INFO -- : 0:  rack-pjax (0.7.0) from /home/rogier/.rvm/gems/ruby-2.1.0/specifications/rack-pjax-0.7.0.gemspec
I, [2014-01-17T21:51:53.367062 #18934]  INFO -- : 0:  sprockets (2.10.1) from /home/rogier/.rvm/gems/ruby-2.1.0/specifications/sprockets-2.10.1.gemspec
I, [2014-01-17T21:51:53.367503 #18934]  INFO -- : 0:  sprockets-rails (2.0.1) from /home/rogier/.rvm/gems/ruby-2.1.0/specifications/sprockets-rails-2.0.1.gemspec
I, [2014-01-17T21:51:53.367891 #18934]  INFO -- : 0:  rails (4.0.2) from /home/rogier/.rvm/gems/ruby-2.1.0/specifications/rails-4.0.2.gemspec
I, [2014-01-17T21:51:53.368263 #18934]  INFO -- : 0:  rdoc (4.1.1) from /home/rogier/.rvm/gems/ruby-2.1.0/specifications/rdoc-4.1.1.gemspec
I, [2014-01-17T21:51:53.368633 #18934]  INFO -- : 0:  sass (3.2.13) from /home/rogier/.rvm/gems/ruby-2.1.0/specifications/sass-3.2.13.gemspec
I, [2014-01-17T21:51:53.369022 #18934]  INFO -- : 0:  sass-rails (4.0.1) from /home/rogier/.rvm/gems/ruby-2.1.0/specifications/sass-rails-4.0.1.gemspec
I, [2014-01-17T21:51:53.369393 #18934]  INFO -- : 0:  sdoc (0.4.0) from /home/rogier/.rvm/gems/ruby-2.1.0/specifications/sdoc-0.4.0.gemspec
I, [2014-01-17T21:51:53.369759 #18934]  INFO -- : 0:  thin (1.6.1) from /home/rogier/.rvm/gems/ruby-2.1.0/specifications/thin-1.6.1.gemspec
I, [2014-01-17T21:51:55.606725 #18934]  INFO -- : 0:  twitter-bootstrap-rails (2.2.8) from /home/rogier/.rvm/gems/ruby-2.1.0/specifications/twitter-bootstrap-rails-2.2.8.gemspec
I, [2014-01-17T21:51:55.607296 #18934]  INFO -- : 0:  uglifier (2.4.0) from /home/rogier/.rvm/gems/ruby-2.1.0/specifications/uglifier-2.4.0.gemspec
I, [2014-01-17T21:53:38.618153 #19019]  INFO -- : 0:  rake (10.1.1) from /home/rogier/.rvm/gems/ruby-2.1.0/specifications/rake-10.1.1.gemspec
I, [2014-01-17T21:53:38.619020 #19019]  INFO -- : 0:  i18n (0.6.9) from /home/rogier/.rvm/gems/ruby-2.1.0/specifications/i18n-0.6.9.gemspec
I, [2014-01-17T21:53:38.619661 #19019]  INFO -- : 0:  minitest (4.7.5) from /home/rogier/.rvm/gems/ruby-2.1.0/specifications/minitest-4.7.5.gemspec
I, [2014-01-17T21:53:38.620230 #19019]  INFO -- : 0:  multi_json (1.8.4) from /home/rogier/.rvm/gems/ruby-2.1.0/specifications/multi_json-1.8.4.gemspec
I, [2014-01-17T21:53:38.620787 #19019]  INFO -- : 0:  atomic (1.1.14) from /home/rogier/.rvm/gems/ruby-2.1.0/specifications/atomic-1.1.14.gemspec
I, [2014-01-17T21:53:38.621436 #19019]  INFO -- : 0:  thread_safe (0.1.3) from /home/rogier/.rvm/gems/ruby-2.1.0/specifications/thread_safe-0.1.3.gemspec
I, [2014-01-17T21:53:38.622051 #19019]  INFO -- : 0:  tzinfo (0.3.38) from /home/rogier/.rvm/gems/ruby-2.1.0/specifications/tzinfo-0.3.38.gemspec
I, [2014-01-17T21:53:38.622586 #19019]  INFO -- : 0:  activesupport (4.0.2) from /home/rogier/.rvm/gems/ruby-2.1.0/specifications/activesupport-4.0.2.gemspec
I, [2014-01-17T21:53:38.623100 #19019]  INFO -- : 0:  builder (3.1.4) from /home/rogier/.rvm/gems/ruby-2.1.0/specifications/builder-3.1.4.gemspec
I, [2014-01-17T21:53:38.623602 #19019]  INFO -- : 0:  erubis (2.7.0) from /home/rogier/.rvm/gems/ruby-2.1.0/specifications/erubis-2.7.0.gemspec
I, [2014-01-17T21:53:38.624086 #19019]  INFO -- : 0:  rack (1.5.2) from /home/rogier/.rvm/gems/ruby-2.1.0/specifications/rack-1.5.2.gemspec
I, [2014-01-17T21:53:38.624551 #19019]  INFO -- : 0:  rack-test (0.6.2) from /home/rogier/.rvm/gems/ruby-2.1.0/specifications/rack-test-0.6.2.gemspec
I, [2014-01-17T21:53:38.625042 #19019]  INFO -- : 0:  actionpack (4.0.2) from /home/rogier/.rvm/gems/ruby-2.1.0/specifications/actionpack-4.0.2.gemspec
I, [2014-01-17T21:53:38.625554 #19019]  INFO -- : 0:  mime-types (1.25.1) from /home/rogier/.rvm/gems/ruby-2.1.0/specifications/mime-types-1.25.1.gemspec
I, [2014-01-17T21:53:38.626066 #19019]  INFO -- : 0:  polyglot (0.3.3) from /home/rogier/.rvm/gems/ruby-2.1.0/specifications/polyglot-0.3.3.gemspec
I, [2014-01-17T21:53:38.626662 #19019]  INFO -- : 0:  treetop (1.4.15) from /home/rogier/.rvm/gems/ruby-2.1.0/specifications/treetop-1.4.15.gemspec
I, [2014-01-17T21:53:38.627260 #19019]  INFO -- : 0:  mail (2.5.4) from /home/rogier/.rvm/gems/ruby-2.1.0/specifications/mail-2.5.4.gemspec
I, [2014-01-17T21:53:38.627791 #19019]  INFO -- : 0:  actionmailer (4.0.2) from /home/rogier/.rvm/gems/ruby-2.1.0/specifications/actionmailer-4.0.2.gemspec
I, [2014-01-17T21:53:38.628300 #19019]  INFO -- : 0:  activemodel (4.0.2) from /home/rogier/.rvm/gems/ruby-2.1.0/specifications/activemodel-4.0.2.gemspec
I, [2014-01-17T21:53:38.628887 #19019]  INFO -- : 0:  activerecord-deprecated_finders (1.0.3) from /home/rogier/.rvm/gems/ruby-2.1.0/specifications/activerecord-deprecated_finders-1.0.3.gemspec
I, [2014-01-17T21:53:38.629428 #19019]  INFO -- : 0:  arel (4.0.1) from /home/rogier/.rvm/gems/ruby-2.1.0/specifications/arel-4.0.1.gemspec
I, [2014-01-17T21:53:38.629954 #19019]  INFO -- : 0:  activerecord (4.0.2) from /home/rogier/.rvm/gems/ruby-2.1.0/specifications/activerecord-4.0.2.gemspec
I, [2014-01-17T21:53:38.630453 #19019]  INFO -- : 0:  bundler (1.5.1) from /home/rogier/.rvm/gems/ruby-2.1.0@global/specifications/bundler-1.5.1.gemspec
I, [2014-01-17T21:53:38.631007 #19019]  INFO -- : 0:  json (1.8.1) from /home/rogier/.rvm/gems/ruby-2.1.0/specifications/json-1.8.1.gemspec
I, [2014-01-17T21:53:38.631519 #19019]  INFO -- : 0:  carrierwave (0.9.0) from /home/rogier/.rvm/gems/ruby-2.1.0/specifications/carrierwave-0.9.0.gemspec
I, [2014-01-17T21:53:38.632021 #19019]  INFO -- : 0:  coffee-script-source (1.6.3) from /home/rogier/.rvm/gems/ruby-2.1.0/specifications/coffee-script-source-1.6.3.gemspec
I, [2014-01-17T21:53:38.632524 #19019]  INFO -- : 0:  execjs (2.0.2) from /home/rogier/.rvm/gems/ruby-2.1.0/specifications/execjs-2.0.2.gemspec
I, [2014-01-17T21:53:38.633057 #19019]  INFO -- : 0:  coffee-script (2.2.0) from /home/rogier/.rvm/gems/ruby-2.1.0/specifications/coffee-script-2.2.0.gemspec
I, [2014-01-17T21:53:38.633757 #19019]  INFO -- : 0:  thor (0.18.1) from /home/rogier/.rvm/gems/ruby-2.1.0/specifications/thor-0.18.1.gemspec
I, [2014-01-17T21:53:38.634442 #19019]  INFO -- : 0:  railties (4.0.2) from /home/rogier/.rvm/gems/ruby-2.1.0/specifications/railties-4.0.2.gemspec
I, [2014-01-17T21:53:38.635127 #19019]  INFO -- : 0:  coffee-rails (4.0.1) from /home/rogier/.rvm/gems/ruby-2.1.0/specifications/coffee-rails-4.0.1.gemspec
I, [2014-01-17T21:53:38.635788 #19019]  INFO -- : 0:  daemons (1.1.9) from /home/rogier/.rvm/gems/ruby-2.1.0/specifications/daemons-1.1.9.gemspec
I, [2014-01-17T21:53:38.636379 #19019]  INFO -- : 0:  eventmachine (1.0.3) from /home/rogier/.rvm/gems/ruby-2.1.0/specifications/eventmachine-1.0.3.gemspec
I, [2014-01-17T21:53:38.636974 #19019]  INFO -- : 0:  tilt (1.4.1) from /home/rogier/.rvm/gems/ruby-2.1.0/specifications/tilt-1.4.1.gemspec
I, [2014-01-17T21:53:38.637503 #19019]  INFO -- : 0:  haml (4.0.4) from /home/rogier/.rvm/gems/ruby-2.1.0/specifications/haml-4.0.4.gemspec
I, [2014-01-17T21:53:38.637987 #19019]  INFO -- : 0:  haml-rails (0.4) from /home/rogier/.rvm/gems/ruby-2.1.0/specifications/haml-rails-0.4.gemspec
I, [2014-01-17T21:53:38.638502 #19019]  INFO -- : 0:  hike (1.2.3) from /home/rogier/.rvm/gems/ruby-2.1.0/specifications/hike-1.2.3.gemspec
I, [2014-01-17T21:53:38.639036 #19019]  INFO -- : 0:  jbuilder (1.5.3) from /home/rogier/.rvm/gems/ruby-2.1.0/specifications/jbuilder-1.5.3.gemspec
I, [2014-01-17T21:53:38.639595 #19019]  INFO -- : 0:  jquery-rails (3.0.4) from /home/rogier/.rvm/gems/ruby-2.1.0/specifications/jquery-rails-3.0.4.gemspec
I, [2014-01-17T21:53:38.640143 #19019]  INFO -- : 0:  mini_portile (0.5.2) from /home/rogier/.rvm/gems/ruby-2.1.0/specifications/mini_portile-0.5.2.gemspec
I, [2014-01-17T21:53:40.016262 #19019]  INFO -- : 0:  node (0.0.2) from /home/rogier/.rvm/gems/ruby-2.1.0/specifications/node-0.0.2.gemspec
I, [2014-01-17T21:53:40.017643 #19019]  INFO -- : 0:  nokogiri (1.6.1) from /home/rogier/.rvm/gems/ruby-2.1.0/specifications/nokogiri-1.6.1.gemspec
I, [2014-01-17T21:53:40.018553 #19019]  INFO -- : 0:  pg (0.17.1) from /home/rogier/.rvm/gems/ruby-2.1.0/specifications/pg-0.17.1.gemspec
I, [2014-01-17T21:53:40.019438 #19019]  INFO -- : 0:  rack-pjax (0.7.0) from /home/rogier/.rvm/gems/ruby-2.1.0/specifications/rack-pjax-0.7.0.gemspec
I, [2014-01-17T21:53:40.020337 #19019]  INFO -- : 0:  sprockets (2.10.1) from /home/rogier/.rvm/gems/ruby-2.1.0/specifications/sprockets-2.10.1.gemspec
I, [2014-01-17T21:53:40.021149 #19019]  INFO -- : 0:  sprockets-rails (2.0.1) from /home/rogier/.rvm/gems/ruby-2.1.0/specifications/sprockets-rails-2.0.1.gemspec
I, [2014-01-17T21:53:40.021517 #19019]  INFO -- : 0:  rails (4.0.2) from /home/rogier/.rvm/gems/ruby-2.1.0/specifications/rails-4.0.2.gemspec
I, [2014-01-17T21:53:40.021863 #19019]  INFO -- : 0:  rdoc (4.1.1) from /home/rogier/.rvm/gems/ruby-2.1.0/specifications/rdoc-4.1.1.gemspec
I, [2014-01-17T21:53:40.022206 #19019]  INFO -- : 0:  sass (3.2.13) from /home/rogier/.rvm/gems/ruby-2.1.0/specifications/sass-3.2.13.gemspec
I, [2014-01-17T21:53:40.022554 #19019]  INFO -- : 0:  sass-rails (4.0.1) from /home/rogier/.rvm/gems/ruby-2.1.0/specifications/sass-rails-4.0.1.gemspec
I, [2014-01-17T21:53:40.022892 #19019]  INFO -- : 0:  sdoc (0.4.0) from /home/rogier/.rvm/gems/ruby-2.1.0/specifications/sdoc-0.4.0.gemspec
I, [2014-01-17T21:53:40.023226 #19019]  INFO -- : 0:  thin (1.6.1) from /home/rogier/.rvm/gems/ruby-2.1.0/specifications/thin-1.6.1.gemspec
I, [2014-01-17T21:53:40.023563 #19019]  INFO -- : 0:  twitter-bootstrap-rails (2.2.8) from /home/rogier/.rvm/gems/ruby-2.1.0/specifications/twitter-bootstrap-rails-2.2.8.gemspec
I, [2014-01-17T21:53:40.023899 #19019]  INFO -- : 0:  uglifier (2.4.0) from /home/rogier/.rvm/gems/ruby-2.1.0/specifications/uglifier-2.4.0.gemspec
I, [2014-01-18T15:10:47.922502 #13602]  INFO -- : 0:  rake (10.1.1) from /home/rogier/.rvm/gems/ruby-2.1.0/specifications/rake-10.1.1.gemspec
I, [2014-01-18T15:10:47.945897 #13602]  INFO -- : 0:  i18n (0.6.9) from /home/rogier/.rvm/gems/ruby-2.1.0/specifications/i18n-0.6.9.gemspec
I, [2014-01-18T15:10:47.946302 #13602]  INFO -- : 0:  minitest (4.7.5) from /home/rogier/.rvm/gems/ruby-2.1.0/specifications/minitest-4.7.5.gemspec
I, [2014-01-18T15:10:47.946662 #13602]  INFO -- : 0:  multi_json (1.8.4) from /home/rogier/.rvm/gems/ruby-2.1.0/specifications/multi_json-1.8.4.gemspec
I, [2014-01-18T15:10:47.947007 #13602]  INFO -- : 0:  atomic (1.1.14) from /home/rogier/.rvm/gems/ruby-2.1.0/specifications/atomic-1.1.14.gemspec
I, [2014-01-18T15:10:47.947351 #13602]  INFO -- : 0:  thread_safe (0.1.3) from /home/rogier/.rvm/gems/ruby-2.1.0/specifications/thread_safe-0.1.3.gemspec
I, [2014-01-18T15:10:47.947740 #13602]  INFO -- : 0:  tzinfo (0.3.38) from /home/rogier/.rvm/gems/ruby-2.1.0/specifications/tzinfo-0.3.38.gemspec
I, [2014-01-18T15:10:47.948095 #13602]  INFO -- : 0:  activesupport (4.0.2) from /home/rogier/.rvm/gems/ruby-2.1.0/specifications/activesupport-4.0.2.gemspec
I, [2014-01-18T15:10:47.948447 #13602]  INFO -- : 0:  builder (3.1.4) from /home/rogier/.rvm/gems/ruby-2.1.0/specifications/builder-3.1.4.gemspec
I, [2014-01-18T15:10:47.948791 #13602]  INFO -- : 0:  erubis (2.7.0) from /home/rogier/.rvm/gems/ruby-2.1.0/specifications/erubis-2.7.0.gemspec
I, [2014-01-18T15:10:47.949141 #13602]  INFO -- : 0:  rack (1.5.2) from /home/rogier/.rvm/gems/ruby-2.1.0/specifications/rack-1.5.2.gemspec
I, [2014-01-18T15:10:47.949485 #13602]  INFO -- : 0:  rack-test (0.6.2) from /home/rogier/.rvm/gems/ruby-2.1.0/specifications/rack-test-0.6.2.gemspec
I, [2014-01-18T15:10:47.949835 #13602]  INFO -- : 0:  actionpack (4.0.2) from /home/rogier/.rvm/gems/ruby-2.1.0/specifications/actionpack-4.0.2.gemspec
I, [2014-01-18T15:10:47.950177 #13602]  INFO -- : 0:  mime-types (1.25.1) from /home/rogier/.rvm/gems/ruby-2.1.0/specifications/mime-types-1.25.1.gemspec
I, [2014-01-18T15:10:47.950518 #13602]  INFO -- : 0:  polyglot (0.3.3) from /home/rogier/.rvm/gems/ruby-2.1.0/specifications/polyglot-0.3.3.gemspec
I, [2014-01-18T15:10:47.950867 #13602]  INFO -- : 0:  treetop (1.4.15) from /home/rogier/.rvm/gems/ruby-2.1.0/specifications/treetop-1.4.15.gemspec
I, [2014-01-18T15:10:47.951241 #13602]  INFO -- : 0:  mail (2.5.4) from /home/rogier/.rvm/gems/ruby-2.1.0/specifications/mail-2.5.4.gemspec
I, [2014-01-18T15:10:47.951591 #13602]  INFO -- : 0:  actionmailer (4.0.2) from /home/rogier/.rvm/gems/ruby-2.1.0/specifications/actionmailer-4.0.2.gemspec
I, [2014-01-18T15:10:47.951944 #13602]  INFO -- : 0:  activemodel (4.0.2) from /home/rogier/.rvm/gems/ruby-2.1.0/specifications/activemodel-4.0.2.gemspec
I, [2014-01-18T15:10:47.952291 #13602]  INFO -- : 0:  activerecord-deprecated_finders (1.0.3) from /home/rogier/.rvm/gems/ruby-2.1.0/specifications/activerecord-deprecated_finders-1.0.3.gemspec
I, [2014-01-18T15:10:47.952643 #13602]  INFO -- : 0:  arel (4.0.1) from /home/rogier/.rvm/gems/ruby-2.1.0/specifications/arel-4.0.1.gemspec
I, [2014-01-18T15:10:47.952990 #13602]  INFO -- : 0:  activerecord (4.0.2) from /home/rogier/.rvm/gems/ruby-2.1.0/specifications/activerecord-4.0.2.gemspec
I, [2014-01-18T15:10:47.953321 #13602]  INFO -- : 0:  bundler (1.5.1) from /home/rogier/.rvm/gems/ruby-2.1.0@global/specifications/bundler-1.5.1.gemspec
I, [2014-01-18T15:10:47.953670 #13602]  INFO -- : 0:  json (1.8.1) from /home/rogier/.rvm/gems/ruby-2.1.0/specifications/json-1.8.1.gemspec
I, [2014-01-18T15:10:47.954031 #13602]  INFO -- : 0:  carrierwave (0.9.0) from /home/rogier/.rvm/gems/ruby-2.1.0/specifications/carrierwave-0.9.0.gemspec
I, [2014-01-18T15:10:47.954374 #13602]  INFO -- : 0:  coffee-script-source (1.6.3) from /home/rogier/.rvm/gems/ruby-2.1.0/specifications/coffee-script-source-1.6.3.gemspec
I, [2014-01-18T15:10:47.954715 #13602]  INFO -- : 0:  execjs (2.0.2) from /home/rogier/.rvm/gems/ruby-2.1.0/specifications/execjs-2.0.2.gemspec
I, [2014-01-18T15:10:47.955055 #13602]  INFO -- : 0:  coffee-script (2.2.0) from /home/rogier/.rvm/gems/ruby-2.1.0/specifications/coffee-script-2.2.0.gemspec
I, [2014-01-18T15:10:47.955584 #13602]  INFO -- : 0:  thor (0.18.1) from /home/rogier/.rvm/gems/ruby-2.1.0/specifications/thor-0.18.1.gemspec
I, [2014-01-18T15:10:47.955940 #13602]  INFO -- : 0:  railties (4.0.2) from /home/rogier/.rvm/gems/ruby-2.1.0/specifications/railties-4.0.2.gemspec
I, [2014-01-18T15:10:47.956292 #13602]  INFO -- : 0:  coffee-rails (4.0.1) from /home/rogier/.rvm/gems/ruby-2.1.0/specifications/coffee-rails-4.0.1.gemspec
I, [2014-01-18T15:10:47.956634 #13602]  INFO -- : 0:  daemons (1.1.9) from /home/rogier/.rvm/gems/ruby-2.1.0/specifications/daemons-1.1.9.gemspec
I, [2014-01-18T15:10:49.801188 #13602]  INFO -- : 0:  disqus (1.0.4) from /home/rogier/.rvm/gems/ruby-2.1.0/specifications/disqus-1.0.4.gemspec
I, [2014-01-18T15:10:49.801821 #13602]  INFO -- : 0:  eventmachine (1.0.3) from /home/rogier/.rvm/gems/ruby-2.1.0/specifications/eventmachine-1.0.3.gemspec
I, [2014-01-18T15:10:49.802162 #13602]  INFO -- : 0:  tilt (1.4.1) from /home/rogier/.rvm/gems/ruby-2.1.0/specifications/tilt-1.4.1.gemspec
I, [2014-01-18T15:10:49.802501 #13602]  INFO -- : 0:  haml (4.0.4) from /home/rogier/.rvm/gems/ruby-2.1.0/specifications/haml-4.0.4.gemspec
I, [2014-01-18T15:10:49.802851 #13602]  INFO -- : 0:  haml-rails (0.4) from /home/rogier/.rvm/gems/ruby-2.1.0/specifications/haml-rails-0.4.gemspec
I, [2014-01-18T15:10:49.803190 #13602]  INFO -- : 0:  hike (1.2.3) from /home/rogier/.rvm/gems/ruby-2.1.0/specifications/hike-1.2.3.gemspec
I, [2014-01-18T15:10:49.803542 #13602]  INFO -- : 0:  jbuilder (1.5.3) from /home/rogier/.rvm/gems/ruby-2.1.0/specifications/jbuilder-1.5.3.gemspec
I, [2014-01-18T15:10:49.803883 #13602]  INFO -- : 0:  jquery-rails (3.0.4) from /home/rogier/.rvm/gems/ruby-2.1.0/specifications/jquery-rails-3.0.4.gemspec
I, [2014-01-18T15:10:49.804226 #13602]  INFO -- : 0:  mini_portile (0.5.2) from /home/rogier/.rvm/gems/ruby-2.1.0/specifications/mini_portile-0.5.2.gemspec
I, [2014-01-18T15:10:49.804577 #13602]  INFO -- : 0:  node (0.0.2) from /home/rogier/.rvm/gems/ruby-2.1.0/specifications/node-0.0.2.gemspec
I, [2014-01-18T15:10:49.804934 #13602]  INFO -- : 0:  nokogiri (1.6.1) from /home/rogier/.rvm/gems/ruby-2.1.0/specifications/nokogiri-1.6.1.gemspec
I, [2014-01-18T15:10:49.805290 #13602]  INFO -- : 0:  pg (0.17.1) from /home/rogier/.rvm/gems/ruby-2.1.0/specifications/pg-0.17.1.gemspec
I, [2014-01-18T15:10:49.805637 #13602]  INFO -- : 0:  rack-pjax (0.7.0) from /home/rogier/.rvm/gems/ruby-2.1.0/specifications/rack-pjax-0.7.0.gemspec
I, [2014-01-18T15:10:49.805990 #13602]  INFO -- : 0:  sprockets (2.10.1) from /home/rogier/.rvm/gems/ruby-2.1.0/specifications/sprockets-2.10.1.gemspec
I, [2014-01-18T15:10:49.806334 #13602]  INFO -- : 0:  sprockets-rails (2.0.1) from /home/rogier/.rvm/gems/ruby-2.1.0/specifications/sprockets-rails-2.0.1.gemspec
I, [2014-01-18T15:10:49.806682 #13602]  INFO -- : 0:  rails (4.0.2) from /home/rogier/.rvm/gems/ruby-2.1.0/specifications/rails-4.0.2.gemspec
I, [2014-01-18T15:10:49.807032 #13602]  INFO -- : 0:  rdoc (4.1.1) from /home/rogier/.rvm/gems/ruby-2.1.0/specifications/rdoc-4.1.1.gemspec
I, [2014-01-18T15:10:49.807368 #13602]  INFO -- : 0:  sass (3.2.13) from /home/rogier/.rvm/gems/ruby-2.1.0/specifications/sass-3.2.13.gemspec
I, [2014-01-18T15:10:49.807715 #13602]  INFO -- : 0:  sass-rails (4.0.1) from /home/rogier/.rvm/gems/ruby-2.1.0/specifications/sass-rails-4.0.1.gemspec
I, [2014-01-18T15:10:49.808053 #13602]  INFO -- : 0:  sdoc (0.4.0) from /home/rogier/.rvm/gems/ruby-2.1.0/specifications/sdoc-0.4.0.gemspec
I, [2014-01-18T15:10:49.808389 #13602]  INFO -- : 0:  thin (1.6.1) from /home/rogier/.rvm/gems/ruby-2.1.0/specifications/thin-1.6.1.gemspec
I, [2014-01-18T15:10:49.808730 #13602]  INFO -- : 0:  twitter-bootstrap-rails (2.2.8) from /home/rogier/.rvm/gems/ruby-2.1.0/specifications/twitter-bootstrap-rails-2.2.8.gemspec
I, [2014-01-18T15:10:49.809073 #13602]  INFO -- : 0:  uglifier (2.4.0) from /home/rogier/.rvm/gems/ruby-2.1.0/specifications/uglifier-2.4.0.gemspec
I, [2014-01-23T16:51:44.144295 #18059]  INFO -- : 0:  rake (10.1.1) from /home/rogier/.rvm/gems/ruby-2.1.0/specifications/rake-10.1.1.gemspec
I, [2014-01-23T16:51:44.155062 #18059]  INFO -- : 0:  i18n (0.6.9) from /home/rogier/.rvm/gems/ruby-2.1.0/specifications/i18n-0.6.9.gemspec
I, [2014-01-23T16:51:44.155517 #18059]  INFO -- : 0:  minitest (4.7.5) from /home/rogier/.rvm/gems/ruby-2.1.0/specifications/minitest-4.7.5.gemspec
I, [2014-01-23T16:51:44.155963 #18059]  INFO -- : 0:  multi_json (1.8.4) from /home/rogier/.rvm/gems/ruby-2.1.0/specifications/multi_json-1.8.4.gemspec
I, [2014-01-23T16:51:44.156380 #18059]  INFO -- : 0:  atomic (1.1.14) from /home/rogier/.rvm/gems/ruby-2.1.0/specifications/atomic-1.1.14.gemspec
I, [2014-01-23T16:51:44.156764 #18059]  INFO -- : 0:  thread_safe (0.1.3) from /home/rogier/.rvm/gems/ruby-2.1.0/specifications/thread_safe-0.1.3.gemspec
I, [2014-01-23T16:51:44.157229 #18059]  INFO -- : 0:  tzinfo (0.3.38) from /home/rogier/.rvm/gems/ruby-2.1.0/specifications/tzinfo-0.3.38.gemspec
I, [2014-01-23T16:51:44.157619 #18059]  INFO -- : 0:  activesupport (4.0.2) from /home/rogier/.rvm/gems/ruby-2.1.0/specifications/activesupport-4.0.2.gemspec
I, [2014-01-23T16:51:44.158006 #18059]  INFO -- : 0:  builder (3.1.4) from /home/rogier/.rvm/gems/ruby-2.1.0/specifications/builder-3.1.4.gemspec
I, [2014-01-23T16:51:44.158391 #18059]  INFO -- : 0:  erubis (2.7.0) from /home/rogier/.rvm/gems/ruby-2.1.0/specifications/erubis-2.7.0.gemspec
I, [2014-01-23T16:51:44.158783 #18059]  INFO -- : 0:  rack (1.5.2) from /home/rogier/.rvm/gems/ruby-2.1.0/specifications/rack-1.5.2.gemspec
I, [2014-01-23T16:51:44.159242 #18059]  INFO -- : 0:  rack-test (0.6.2) from /home/rogier/.rvm/gems/ruby-2.1.0/specifications/rack-test-0.6.2.gemspec
I, [2014-01-23T16:51:44.159642 #18059]  INFO -- : 0:  actionpack (4.0.2) from /home/rogier/.rvm/gems/ruby-2.1.0/specifications/actionpack-4.0.2.gemspec
I, [2014-01-23T16:51:44.160001 #18059]  INFO -- : 0:  mime-types (1.25.1) from /home/rogier/.rvm/gems/ruby-2.1.0/specifications/mime-types-1.25.1.gemspec
I, [2014-01-23T16:51:44.160370 #18059]  INFO -- : 0:  polyglot (0.3.3) from /home/rogier/.rvm/gems/ruby-2.1.0/specifications/polyglot-0.3.3.gemspec
I, [2014-01-23T16:51:44.160790 #18059]  INFO -- : 0:  treetop (1.4.15) from /home/rogier/.rvm/gems/ruby-2.1.0/specifications/treetop-1.4.15.gemspec
I, [2014-01-23T16:51:44.161213 #18059]  INFO -- : 0:  mail (2.5.4) from /home/rogier/.rvm/gems/ruby-2.1.0/specifications/mail-2.5.4.gemspec
I, [2014-01-23T16:51:44.161612 #18059]  INFO -- : 0:  actionmailer (4.0.2) from /home/rogier/.rvm/gems/ruby-2.1.0/specifications/actionmailer-4.0.2.gemspec
I, [2014-01-23T16:51:44.162045 #18059]  INFO -- : 0:  activemodel (4.0.2) from /home/rogier/.rvm/gems/ruby-2.1.0/specifications/activemodel-4.0.2.gemspec
I, [2014-01-23T16:51:44.162420 #18059]  INFO -- : 0:  activerecord-deprecated_finders (1.0.3) from /home/rogier/.rvm/gems/ruby-2.1.0/specifications/activerecord-deprecated_finders-1.0.3.gemspec
I, [2014-01-23T16:51:44.162788 #18059]  INFO -- : 0:  arel (4.0.1) from /home/rogier/.rvm/gems/ruby-2.1.0/specifications/arel-4.0.1.gemspec
I, [2014-01-23T16:51:44.163191 #18059]  INFO -- : 0:  activerecord (4.0.2) from /home/rogier/.rvm/gems/ruby-2.1.0/specifications/activerecord-4.0.2.gemspec
I, [2014-01-23T16:51:44.163587 #18059]  INFO -- : 0:  bundler (1.5.1) from /home/rogier/.rvm/gems/ruby-2.1.0@global/specifications/bundler-1.5.1.gemspec
I, [2014-01-23T16:51:44.163976 #18059]  INFO -- : 0:  json (1.8.1) from /home/rogier/.rvm/gems/ruby-2.1.0/specifications/json-1.8.1.gemspec
I, [2014-01-23T16:51:44.164393 #18059]  INFO -- : 0:  carrierwave (0.9.0) from /home/rogier/.rvm/gems/ruby-2.1.0/specifications/carrierwave-0.9.0.gemspec
I, [2014-01-23T16:51:44.164752 #18059]  INFO -- : 0:  coffee-script-source (1.6.3) from /home/rogier/.rvm/gems/ruby-2.1.0/specifications/coffee-script-source-1.6.3.gemspec
I, [2014-01-23T16:51:44.165136 #18059]  INFO -- : 0:  execjs (2.0.2) from /home/rogier/.rvm/gems/ruby-2.1.0/specifications/execjs-2.0.2.gemspec
I, [2014-01-23T16:51:44.165518 #18059]  INFO -- : 0:  coffee-script (2.2.0) from /home/rogier/.rvm/gems/ruby-2.1.0/specifications/coffee-script-2.2.0.gemspec
I, [2014-01-23T16:51:44.165894 #18059]  INFO -- : 0:  thor (0.18.1) from /home/rogier/.rvm/gems/ruby-2.1.0/specifications/thor-0.18.1.gemspec
I, [2014-01-23T16:51:44.166284 #18059]  INFO -- : 0:  railties (4.0.2) from /home/rogier/.rvm/gems/ruby-2.1.0/specifications/railties-4.0.2.gemspec
I, [2014-01-23T16:51:44.166697 #18059]  INFO -- : 0:  coffee-rails (4.0.1) from /home/rogier/.rvm/gems/ruby-2.1.0/specifications/coffee-rails-4.0.1.gemspec
I, [2014-01-23T16:51:44.167118 #18059]  INFO -- : 0:  daemons (1.1.9) from /home/rogier/.rvm/gems/ruby-2.1.0/specifications/daemons-1.1.9.gemspec
I, [2014-01-23T16:51:44.167512 #18059]  INFO -- : 0:  eventmachine (1.0.3) from /home/rogier/.rvm/gems/ruby-2.1.0/specifications/eventmachine-1.0.3.gemspec
I, [2014-01-23T16:51:44.167968 #18059]  INFO -- : 0:  tilt (1.4.1) from /home/rogier/.rvm/gems/ruby-2.1.0/specifications/tilt-1.4.1.gemspec
I, [2014-01-23T16:51:44.168358 #18059]  INFO -- : 0:  haml (4.0.4) from /home/rogier/.rvm/gems/ruby-2.1.0/specifications/haml-4.0.4.gemspec
I, [2014-01-23T16:51:44.168741 #18059]  INFO -- : 0:  haml-rails (0.4) from /home/rogier/.rvm/gems/ruby-2.1.0/specifications/haml-rails-0.4.gemspec
I, [2014-01-23T16:51:44.169124 #18059]  INFO -- : 0:  hike (1.2.3) from /home/rogier/.rvm/gems/ruby-2.1.0/specifications/hike-1.2.3.gemspec
I, [2014-01-23T16:51:44.169576 #18059]  INFO -- : 0:  jbuilder (1.5.3) from /home/rogier/.rvm/gems/ruby-2.1.0/specifications/jbuilder-1.5.3.gemspec
I, [2014-01-23T16:51:44.169985 #18059]  INFO -- : 0:  jquery-rails (3.0.4) from /home/rogier/.rvm/gems/ruby-2.1.0/specifications/jquery-rails-3.0.4.gemspec
I, [2014-01-23T16:51:44.170350 #18059]  INFO -- : 0:  mini_portile (0.5.2) from /home/rogier/.rvm/gems/ruby-2.1.0/specifications/mini_portile-0.5.2.gemspec
I, [2014-01-23T16:51:44.170710 #18059]  INFO -- : 0:  mobylette (3.5) from /home/rogier/.rvm/gems/ruby-2.1.0/specifications/mobylette-3.5.gemspec
I, [2014-01-23T16:51:44.171065 #18059]  INFO -- : 0:  node (0.0.2) from /home/rogier/.rvm/gems/ruby-2.1.0/specifications/node-0.0.2.gemspec
I, [2014-01-23T16:51:44.171433 #18059]  INFO -- : 0:  nokogiri (1.6.1) from /home/rogier/.rvm/gems/ruby-2.1.0/specifications/nokogiri-1.6.1.gemspec
I, [2014-01-23T16:51:44.171809 #18059]  INFO -- : 0:  pg (0.17.1) from /home/rogier/.rvm/gems/ruby-2.1.0/specifications/pg-0.17.1.gemspec
I, [2014-01-23T16:51:44.172350 #18059]  INFO -- : 0:  rack-pjax (0.7.0) from /home/rogier/.rvm/gems/ruby-2.1.0/specifications/rack-pjax-0.7.0.gemspec
I, [2014-01-23T16:51:44.172739 #18059]  INFO -- : 0:  sprockets (2.10.1) from /home/rogier/.rvm/gems/ruby-2.1.0/specifications/sprockets-2.10.1.gemspec
I, [2014-01-23T16:51:44.173136 #18059]  INFO -- : 0:  sprockets-rails (2.0.1) from /home/rogier/.rvm/gems/ruby-2.1.0/specifications/sprockets-rails-2.0.1.gemspec
I, [2014-01-23T16:51:44.173508 #18059]  INFO -- : 0:  rails (4.0.2) from /home/rogier/.rvm/gems/ruby-2.1.0/specifications/rails-4.0.2.gemspec
I, [2014-01-23T16:51:44.173900 #18059]  INFO -- : 0:  rdoc (4.1.1) from /home/rogier/.rvm/gems/ruby-2.1.0/specifications/rdoc-4.1.1.gemspec
I, [2014-01-23T16:51:44.174332 #18059]  INFO -- : 0:  sass (3.2.13) from /home/rogier/.rvm/gems/ruby-2.1.0/specifications/sass-3.2.13.gemspec
I, [2014-01-23T16:51:44.174713 #18059]  INFO -- : 0:  sass-rails (4.0.1) from /home/rogier/.rvm/gems/ruby-2.1.0/specifications/sass-rails-4.0.1.gemspec
I, [2014-01-23T16:51:44.175087 #18059]  INFO -- : 0:  sdoc (0.4.0) from /home/rogier/.rvm/gems/ruby-2.1.0/specifications/sdoc-0.4.0.gemspec
I, [2014-01-23T16:51:44.175495 #18059]  INFO -- : 0:  thin (1.6.1) from /home/rogier/.rvm/gems/ruby-2.1.0/specifications/thin-1.6.1.gemspec
I, [2014-01-23T16:51:44.175895 #18059]  INFO -- : 0:  twitter-bootstrap-rails (2.2.8) from /home/rogier/.rvm/gems/ruby-2.1.0/specifications/twitter-bootstrap-rails-2.2.8.gemspec
I, [2014-01-23T16:51:44.176278 #18059]  INFO -- : 0:  uglifier (2.4.0) from /home/rogier/.rvm/gems/ruby-2.1.0/specifications/uglifier-2.4.0.gemspec
I, [2014-01-23T17:57:57.589176 #22237]  INFO -- : 0:  rake (10.1.1) from /home/rogier/.rvm/gems/ruby-2.1.0/specifications/rake-10.1.1.gemspec
I, [2014-01-23T17:57:57.589733 #22237]  INFO -- : 0:  i18n (0.6.9) from /home/rogier/.rvm/gems/ruby-2.1.0/specifications/i18n-0.6.9.gemspec
I, [2014-01-23T17:57:57.590136 #22237]  INFO -- : 0:  minitest (4.7.5) from /home/rogier/.rvm/gems/ruby-2.1.0/specifications/minitest-4.7.5.gemspec
I, [2014-01-23T17:57:57.590501 #22237]  INFO -- : 0:  multi_json (1.8.4) from /home/rogier/.rvm/gems/ruby-2.1.0/specifications/multi_json-1.8.4.gemspec
I, [2014-01-23T17:57:57.590862 #22237]  INFO -- : 0:  atomic (1.1.14) from /home/rogier/.rvm/gems/ruby-2.1.0/specifications/atomic-1.1.14.gemspec
I, [2014-01-23T17:57:57.591231 #22237]  INFO -- : 0:  thread_safe (0.1.3) from /home/rogier/.rvm/gems/ruby-2.1.0/specifications/thread_safe-0.1.3.gemspec
I, [2014-01-23T17:57:57.591635 #22237]  INFO -- : 0:  tzinfo (0.3.38) from /home/rogier/.rvm/gems/ruby-2.1.0/specifications/tzinfo-0.3.38.gemspec
I, [2014-01-23T17:57:57.592015 #22237]  INFO -- : 0:  activesupport (4.0.2) from /home/rogier/.rvm/gems/ruby-2.1.0/specifications/activesupport-4.0.2.gemspec
I, [2014-01-23T17:57:57.592380 #22237]  INFO -- : 0:  builder (3.1.4) from /home/rogier/.rvm/gems/ruby-2.1.0/specifications/builder-3.1.4.gemspec
I, [2014-01-23T17:57:57.592734 #22237]  INFO -- : 0:  erubis (2.7.0) from /home/rogier/.rvm/gems/ruby-2.1.0/specifications/erubis-2.7.0.gemspec
I, [2014-01-23T17:57:57.593101 #22237]  INFO -- : 0:  rack (1.5.2) from /home/rogier/.rvm/gems/ruby-2.1.0/specifications/rack-1.5.2.gemspec
I, [2014-01-23T17:57:57.593442 #22237]  INFO -- : 0:  rack-test (0.6.2) from /home/rogier/.rvm/gems/ruby-2.1.0/specifications/rack-test-0.6.2.gemspec
I, [2014-01-23T17:57:57.593822 #22237]  INFO -- : 0:  actionpack (4.0.2) from /home/rogier/.rvm/gems/ruby-2.1.0/specifications/actionpack-4.0.2.gemspec
I, [2014-01-23T17:57:57.594204 #22237]  INFO -- : 0:  mime-types (1.25.1) from /home/rogier/.rvm/gems/ruby-2.1.0/specifications/mime-types-1.25.1.gemspec
I, [2014-01-23T17:57:57.594590 #22237]  INFO -- : 0:  polyglot (0.3.3) from /home/rogier/.rvm/gems/ruby-2.1.0/specifications/polyglot-0.3.3.gemspec
I, [2014-01-23T17:57:57.594985 #22237]  INFO -- : 0:  treetop (1.4.15) from /home/rogier/.rvm/gems/ruby-2.1.0/specifications/treetop-1.4.15.gemspec
I, [2014-01-23T17:57:57.595405 #22237]  INFO -- : 0:  mail (2.5.4) from /home/rogier/.rvm/gems/ruby-2.1.0/specifications/mail-2.5.4.gemspec
I, [2014-01-23T17:57:57.595815 #22237]  INFO -- : 0:  actionmailer (4.0.2) from /home/rogier/.rvm/gems/ruby-2.1.0/specifications/actionmailer-4.0.2.gemspec
I, [2014-01-23T17:57:57.596231 #22237]  INFO -- : 0:  activemodel (4.0.2) from /home/rogier/.rvm/gems/ruby-2.1.0/specifications/activemodel-4.0.2.gemspec
I, [2014-01-23T17:57:57.596630 #22237]  INFO -- : 0:  activerecord-deprecated_finders (1.0.3) from /home/rogier/.rvm/gems/ruby-2.1.0/specifications/activerecord-deprecated_finders-1.0.3.gemspec
I, [2014-01-23T17:57:57.597085 #22237]  INFO -- : 0:  arel (4.0.1) from /home/rogier/.rvm/gems/ruby-2.1.0/specifications/arel-4.0.1.gemspec
I, [2014-01-23T17:57:57.597487 #22237]  INFO -- : 0:  activerecord (4.0.2) from /home/rogier/.rvm/gems/ruby-2.1.0/specifications/activerecord-4.0.2.gemspec
I, [2014-01-23T17:57:57.597849 #22237]  INFO -- : 0:  bundler (1.5.1) from /home/rogier/.rvm/gems/ruby-2.1.0@global/specifications/bundler-1.5.1.gemspec
I, [2014-01-23T17:57:57.598220 #22237]  INFO -- : 0:  json (1.8.1) from /home/rogier/.rvm/gems/ruby-2.1.0/specifications/json-1.8.1.gemspec
I, [2014-01-23T17:57:57.598590 #22237]  INFO -- : 0:  carrierwave (0.9.0) from /home/rogier/.rvm/gems/ruby-2.1.0/specifications/carrierwave-0.9.0.gemspec
I, [2014-01-23T17:57:57.598981 #22237]  INFO -- : 0:  coffee-script-source (1.6.3) from /home/rogier/.rvm/gems/ruby-2.1.0/specifications/coffee-script-source-1.6.3.gemspec
I, [2014-01-23T17:57:57.599351 #22237]  INFO -- : 0:  execjs (2.0.2) from /home/rogier/.rvm/gems/ruby-2.1.0/specifications/execjs-2.0.2.gemspec
I, [2014-01-23T17:57:57.599728 #22237]  INFO -- : 0:  coffee-script (2.2.0) from /home/rogier/.rvm/gems/ruby-2.1.0/specifications/coffee-script-2.2.0.gemspec
I, [2014-01-23T17:57:57.600195 #22237]  INFO -- : 0:  thor (0.18.1) from /home/rogier/.rvm/gems/ruby-2.1.0/specifications/thor-0.18.1.gemspec
I, [2014-01-23T17:57:57.600599 #22237]  INFO -- : 0:  railties (4.0.2) from /home/rogier/.rvm/gems/ruby-2.1.0/specifications/railties-4.0.2.gemspec
I, [2014-01-23T17:57:57.600996 #22237]  INFO -- : 0:  coffee-rails (4.0.1) from /home/rogier/.rvm/gems/ruby-2.1.0/specifications/coffee-rails-4.0.1.gemspec
I, [2014-01-23T17:57:57.601380 #22237]  INFO -- : 0:  daemons (1.1.9) from /home/rogier/.rvm/gems/ruby-2.1.0/specifications/daemons-1.1.9.gemspec
I, [2014-01-23T17:57:57.601786 #22237]  INFO -- : 0:  eventmachine (1.0.3) from /home/rogier/.rvm/gems/ruby-2.1.0/specifications/eventmachine-1.0.3.gemspec
I, [2014-01-23T17:57:57.602203 #22237]  INFO -- : 0:  tilt (1.4.1) from /home/rogier/.rvm/gems/ruby-2.1.0/specifications/tilt-1.4.1.gemspec
I, [2014-01-23T17:57:57.602587 #22237]  INFO -- : 0:  haml (4.0.4) from /home/rogier/.rvm/gems/ruby-2.1.0/specifications/haml-4.0.4.gemspec
I, [2014-01-23T17:57:57.602962 #22237]  INFO -- : 0:  haml-rails (0.4) from /home/rogier/.rvm/gems/ruby-2.1.0/specifications/haml-rails-0.4.gemspec
I, [2014-01-23T17:57:57.603335 #22237]  INFO -- : 0:  hike (1.2.3) from /home/rogier/.rvm/gems/ruby-2.1.0/specifications/hike-1.2.3.gemspec
I, [2014-01-23T17:57:57.603717 #22237]  INFO -- : 0:  jbuilder (1.5.3) from /home/rogier/.rvm/gems/ruby-2.1.0/specifications/jbuilder-1.5.3.gemspec
I, [2014-01-23T17:57:57.604095 #22237]  INFO -- : 0:  jquery-rails (3.0.4) from /home/rogier/.rvm/gems/ruby-2.1.0/specifications/jquery-rails-3.0.4.gemspec
I, [2014-01-23T17:57:57.604497 #22237]  INFO -- : 0:  mini_portile (0.5.2) from /home/rogier/.rvm/gems/ruby-2.1.0/specifications/mini_portile-0.5.2.gemspec
I, [2014-01-23T17:57:57.604881 #22237]  INFO -- : 0:  node (0.0.2) from /home/rogier/.rvm/gems/ruby-2.1.0/specifications/node-0.0.2.gemspec
I, [2014-01-23T17:57:57.605260 #22237]  INFO -- : 0:  nokogiri (1.6.1) from /home/rogier/.rvm/gems/ruby-2.1.0/specifications/nokogiri-1.6.1.gemspec
I, [2014-01-23T17:57:57.605641 #22237]  INFO -- : 0:  pg (0.17.1) from /home/rogier/.rvm/gems/ruby-2.1.0/specifications/pg-0.17.1.gemspec
I, [2014-01-23T17:57:57.606014 #22237]  INFO -- : 0:  rack-pjax (0.7.0) from /home/rogier/.rvm/gems/ruby-2.1.0/specifications/rack-pjax-0.7.0.gemspec
I, [2014-01-23T17:57:57.606422 #22237]  INFO -- : 0:  sprockets (2.10.1) from /home/rogier/.rvm/gems/ruby-2.1.0/specifications/sprockets-2.10.1.gemspec
I, [2014-01-23T17:57:57.606795 #22237]  INFO -- : 0:  sprockets-rails (2.0.1) from /home/rogier/.rvm/gems/ruby-2.1.0/specifications/sprockets-rails-2.0.1.gemspec
I, [2014-01-23T17:57:57.607203 #22237]  INFO -- : 0:  rails (4.0.2) from /home/rogier/.rvm/gems/ruby-2.1.0/specifications/rails-4.0.2.gemspec
I, [2014-01-23T17:57:57.607593 #22237]  INFO -- : 0:  rdoc (4.1.1) from /home/rogier/.rvm/gems/ruby-2.1.0/specifications/rdoc-4.1.1.gemspec
I, [2014-01-23T17:57:57.607993 #22237]  INFO -- : 0:  sass (3.2.13) from /home/rogier/.rvm/gems/ruby-2.1.0/specifications/sass-3.2.13.gemspec
I, [2014-01-23T17:57:57.608467 #22237]  INFO -- : 0:  sass-rails (4.0.1) from /home/rogier/.rvm/gems/ruby-2.1.0/specifications/sass-rails-4.0.1.gemspec
I, [2014-01-23T17:57:57.608835 #22237]  INFO -- : 0:  sdoc (0.4.0) from /home/rogier/.rvm/gems/ruby-2.1.0/specifications/sdoc-0.4.0.gemspec
I, [2014-01-23T17:57:57.609238 #22237]  INFO -- : 0:  thin (1.6.1) from /home/rogier/.rvm/gems/ruby-2.1.0/specifications/thin-1.6.1.gemspec
I, [2014-01-23T17:57:57.609637 #22237]  INFO -- : 0:  twitter-bootstrap-rails (2.2.8) from /home/rogier/.rvm/gems/ruby-2.1.0/specifications/twitter-bootstrap-rails-2.2.8.gemspec
I, [2014-01-23T17:57:57.610003 #22237]  INFO -- : 0:  uglifier (2.4.0) from /home/rogier/.rvm/gems/ruby-2.1.0/specifications/uglifier-2.4.0.gemspec
